[2025-10-17 12:20:31] Run started
[2025-10-17 12:20:31] Fetching Yahoo Finance 1m bars for 300 tickers (lookback=60, chunk=5)
[2025-10-17 12:22:02] Entry window marks set: 59312 rows flagged out of 1553531
[2025-10-17 12:22:03] Liquidity filter q=0.50 kept 229 tickers and 811265 rows
[2025-10-17 12:22:03] Using 1 rolling slices (train=12, forward=4)
[2025-10-17 12:22:03] Parameter grid size: 72 (mode=coarse, signal=j-cross)
[2025-10-17 12:22:07] [1/229] 1321.T: best train_pf_eff=0.535, forward_pf_eff=2.441, trades=28/10
[2025-10-17 12:22:10] [2/229] 1357.T: best train_pf_eff=0.345, forward_pf_eff=5.661, trades=19/6
[2025-10-17 12:22:14] [3/229] 1360.T: best train_pf_eff=0.950, forward_pf_eff=2.184, trades=28/10
[2025-10-17 12:22:18] [4/229] 1458.T: best train_pf_eff=0.611, forward_pf_eff=1.316, trades=26/10
[2025-10-17 12:22:22] [5/229] 1540.T: best train_pf_eff=0.342, forward_pf_eff=1.211, trades=20/5
[2025-10-17 12:22:22] [6/229] 1541.T: best train_pf_eff=0.000, forward_pf_eff=0.000, trades=0/0
[2025-10-17 12:22:23] [7/229] 1542.T: best train_pf_eff=2.212, forward_pf_eff=999.000, trades=3/3
[2025-10-17 12:22:26] [8/229] 1570.T: best train_pf_eff=0.838, forward_pf_eff=1.542, trades=20/7
[2025-10-17 12:22:30] [9/229] 1579.T: best train_pf_eff=0.528, forward_pf_eff=6.334, trades=24/10
[2025-10-17 12:22:33] [10/229] 1605.T: best train_pf_eff=0.444, forward_pf_eff=0.279, trades=26/7
[2025-10-17 12:22:34] [11/229] 1802.T: best train_pf_eff=999.000, forward_pf_eff=0.000, trades=2/0
[2025-10-17 12:22:35] [12/229] 1812.T: best train_pf_eff=0.585, forward_pf_eff=0.000, trades=8/0
[2025-10-17 12:22:37] [13/229] 186A.T: best train_pf_eff=1.095, forward_pf_eff=1.162, trades=4/6
[2025-10-17 12:22:37] [14/229] 1911.T: best train_pf_eff=999.000, forward_pf_eff=0.000, trades=2/0
[2025-10-17 12:22:38] [15/229] 1925.T: best train_pf_eff=999.000, forward_pf_eff=0.000, trades=2/4
[2025-10-17 12:22:40] [16/229] 1928.T: best train_pf_eff=999.000, forward_pf_eff=0.000, trades=2/0
[2025-10-17 12:22:41] [17/229] 1942.T: best train_pf_eff=0.000, forward_pf_eff=0.077, trades=0/6
[2025-10-17 12:22:43] [18/229] 2036.T: best train_pf_eff=1.865, forward_pf_eff=4.364, trades=4/5
[2025-10-17 12:22:46] [19/229] 215A.T: best train_pf_eff=0.847, forward_pf_eff=0.000, trades=15/3
[2025-10-17 12:22:46] [20/229] 2160.T: best train_pf_eff=0.000, forward_pf_eff=0.000, trades=0/2
[2025-10-17 12:22:47] [21/229] 218A.T: best train_pf_eff=999.000, forward_pf_eff=1.341, trades=1/2
[2025-10-17 12:22:48] [22/229] 219A.T: best train_pf_eff=0.624, forward_pf_eff=0.000, trades=9/0
[2025-10-17 12:22:49] [23/229] 2267.T: best train_pf_eff=0.000, forward_pf_eff=0.000, trades=5/0
[2025-10-17 12:22:49] [24/229] 2269.T: best train_pf_eff=0.000, forward_pf_eff=999.000, trades=0/4
[2025-10-17 12:22:53] [25/229] 2413.T: best train_pf_eff=1.964, forward_pf_eff=1.165, trades=20/3
[2025-10-17 12:22:54] [26/229] 2432.T: best train_pf_eff=0.524, forward_pf_eff=2.580, trades=8/4
[2025-10-17 12:22:56] [27/229] 247A.T: best train_pf_eff=0.455, forward_pf_eff=2.475, trades=4/3
[2025-10-17 12:22:59] [28/229] 2502.T: best train_pf_eff=1.282, forward_pf_eff=0.307, trades=24/8
[2025-10-17 12:23:00] [29/229] 2503.T: best train_pf_eff=999.000, forward_pf_eff=0.000, trades=2/0
[2025-10-17 12:23:00] [30/229] 2670.T: best train_pf_eff=0.000, forward_pf_eff=0.000, trades=0/1
[2025-10-17 12:23:01] [31/229] 2726.T: best train_pf_eff=999.000, forward_pf_eff=0.000, trades=1/4
[2025-10-17 12:23:02] [32/229] 2768.T: best train_pf_eff=999.000, forward_pf_eff=0.000, trades=7/0
[2025-10-17 12:23:06] [33/229] 2802.T: best train_pf_eff=1.913, forward_pf_eff=0.000, trades=22/4
[2025-10-17 12:23:10] [34/229] 285A.T: best train_pf_eff=1.749, forward_pf_eff=3.144, trades=17/7
[2025-10-17 12:23:12] [35/229] 2897.T: best train_pf_eff=0.587, forward_pf_eff=1.172, trades=10/5
[2025-10-17 12:23:12] [36/229] 290A.T: best train_pf_eff=0.000, forward_pf_eff=0.000, trades=0/0
[2025-10-17 12:23:16] [37/229] 2914.T: best train_pf_eff=0.171, forward_pf_eff=0.143, trades=17/6
[2025-10-17 12:23:18] [38/229] 3038.T: best train_pf_eff=1.319, forward_pf_eff=1.377, trades=3/7
[2025-10-17 12:23:20] [39/229] 3064.T: best train_pf_eff=0.515, forward_pf_eff=0.000, trades=8/3
[2025-10-17 12:23:21] [40/229] 3086.T: best train_pf_eff=999.000, forward_pf_eff=999.000, trades=2/3
[2025-10-17 12:23:23] [41/229] 3099.T: best train_pf_eff=1.960, forward_pf_eff=0.000, trades=11/0
[2025-10-17 12:23:23] [42/229] 314A.T: best train_pf_eff=0.000, forward_pf_eff=0.000, trades=0/0
[2025-10-17 12:23:23] [43/229] 3349.T: best train_pf_eff=0.000, forward_pf_eff=0.000, trades=0/0
[2025-10-17 12:23:27] [44/229] 3350.T: best train_pf_eff=2.071, forward_pf_eff=999.000, trades=10/5
[2025-10-17 12:23:31] [45/229] 3382.T: best train_pf_eff=0.463, forward_pf_eff=0.201, trades=15/7
[2025-10-17 12:23:32] [46/229] 3402.T: best train_pf_eff=999.000, forward_pf_eff=0.000, trades=3/0
[2025-10-17 12:23:37] [47/229] 3436.T: best train_pf_eff=0.732, forward_pf_eff=1.528, trades=22/8
[2025-10-17 12:23:40] [48/229] 3563.T: best train_pf_eff=0.706, forward_pf_eff=0.171, trades=23/6
[2025-10-17 12:23:41] [49/229] 3635.T: best train_pf_eff=999.000, forward_pf_eff=0.000, trades=2/0
[2025-10-17 12:23:43] [50/229] 3692.T: best train_pf_eff=0.675, forward_pf_eff=21.789, trades=4/9
[2025-10-17 12:23:47] [51/229] 3697.T: best train_pf_eff=0.463, forward_pf_eff=1.030, trades=11/6
[2025-10-17 12:23:51] [52/229] 3905.T: best train_pf_eff=0.667, forward_pf_eff=999.000, trades=22/5
[2025-10-17 12:23:55] [53/229] 4004.T: best train_pf_eff=0.360, forward_pf_eff=999.000, trades=19/5
[2025-10-17 12:23:56] [54/229] 4005.T: best train_pf_eff=1.666, forward_pf_eff=1.255, trades=7/2
[2025-10-17 12:23:57] [55/229] 402A.T: best train_pf_eff=0.000, forward_pf_eff=0.000, trades=0/2
[2025-10-17 12:24:02] [56/229] 4062.T: best train_pf_eff=0.672, forward_pf_eff=2.320, trades=21/5
[2025-10-17 12:24:05] [57/229] 4063.T: best train_pf_eff=0.711, forward_pf_eff=0.127, trades=27/10
[2025-10-17 12:24:06] [58/229] 4088.T: best train_pf_eff=0.000, forward_pf_eff=0.908, trades=0/4
[2025-10-17 12:24:07] [59/229] 4188.T: best train_pf_eff=999.000, forward_pf_eff=0.000, trades=2/0
[2025-10-17 12:24:07] [60/229] 4204.T: best train_pf_eff=999.000, forward_pf_eff=0.000, trades=5/0
[2025-10-17 12:24:08] [61/229] 423A.T: best train_pf_eff=0.000, forward_pf_eff=0.000, trades=0/0
[2025-10-17 12:24:09] [62/229] 4307.T: best train_pf_eff=0.501, forward_pf_eff=999.000, trades=4/2
[2025-10-17 12:24:12] [63/229] 4385.T: best train_pf_eff=0.240, forward_pf_eff=2.027, trades=8/6
[2025-10-17 12:24:12] [64/229] 4446.T: best train_pf_eff=0.000, forward_pf_eff=0.000, trades=0/0
[2025-10-17 12:24:16] [65/229] 4452.T: best train_pf_eff=1.153, forward_pf_eff=0.167, trades=25/7
[2025-10-17 12:24:20] [66/229] 4502.T: best train_pf_eff=0.409, forward_pf_eff=1.122, trades=28/7
[2025-10-17 12:24:24] [67/229] 4503.T: best train_pf_eff=0.789, forward_pf_eff=1.380, trades=17/7
[2025-10-17 12:24:28] [68/229] 4506.T: best train_pf_eff=3.621, forward_pf_eff=999.000, trades=8/5
[2025-10-17 12:24:28] [69/229] 4507.T: best train_pf_eff=0.000, forward_pf_eff=1.779, trades=0/2
[2025-10-17 12:24:33] [70/229] 4519.T: best train_pf_eff=0.959, forward_pf_eff=999.000, trades=13/6
[2025-10-17 12:24:35] [71/229] 4523.T: best train_pf_eff=0.381, forward_pf_eff=0.370, trades=16/4
[2025-10-17 12:24:35] [72/229] 4528.T: best train_pf_eff=0.000, forward_pf_eff=0.000, trades=0/3
[2025-10-17 12:24:40] [73/229] 4543.T: best train_pf_eff=1.603, forward_pf_eff=1.150, trades=22/4
[2025-10-17 12:24:44] [74/229] 4568.T: best train_pf_eff=0.712, forward_pf_eff=3.441, trades=21/6
[2025-10-17 12:24:44] [75/229] 4571.T: best train_pf_eff=0.000, forward_pf_eff=0.000, trades=0/0
[2025-10-17 12:24:46] [76/229] 4578.T: best train_pf_eff=0.351, forward_pf_eff=1.903, trades=10/5
[2025-10-17 12:24:47] [77/229] 4588.T: best train_pf_eff=0.000, forward_pf_eff=4.218, trades=0/5
[2025-10-17 12:24:50] [78/229] 4592.T: best train_pf_eff=0.671, forward_pf_eff=12.381, trades=14/7
[2025-10-17 12:24:50] [79/229] 4612.T: best train_pf_eff=0.887, forward_pf_eff=0.000, trades=4/0
[2025-10-17 12:24:54] [80/229] 4661.T: best train_pf_eff=1.488, forward_pf_eff=2.639, trades=17/8
[2025-10-17 12:24:54] [81/229] 4680.T: best train_pf_eff=0.000, forward_pf_eff=999.000, trades=0/1
[2025-10-17 12:24:57] [82/229] 4689.T: best train_pf_eff=1.313, forward_pf_eff=0.434, trades=16/9
[2025-10-17 12:24:59] [83/229] 4704.T: best train_pf_eff=1.421, forward_pf_eff=0.000, trades=11/0
[2025-10-17 12:25:00] [84/229] 4751.T: best train_pf_eff=999.000, forward_pf_eff=0.374, trades=1/3
[2025-10-17 12:25:04] [85/229] 4755.T: best train_pf_eff=0.922, forward_pf_eff=999.000, trades=15/5
[2025-10-17 12:25:04] [86/229] 4814.T: best train_pf_eff=0.000, forward_pf_eff=0.000, trades=0/0
[2025-10-17 12:25:05] [87/229] 4889.T: best train_pf_eff=0.000, forward_pf_eff=0.755, trades=0/2
[2025-10-17 12:25:09] [88/229] 4901.T: best train_pf_eff=0.902, forward_pf_eff=0.332, trades=19/9
[2025-10-17 12:25:11] [89/229] 4911.T: best train_pf_eff=0.000, forward_pf_eff=999.000, trades=3/8
[2025-10-17 12:25:15] [90/229] 5016.T: best train_pf_eff=1.439, forward_pf_eff=1.757, trades=17/7
[2025-10-17 12:25:18] [91/229] 5020.T: best train_pf_eff=0.649, forward_pf_eff=0.404, trades=20/8
[2025-10-17 12:25:19] [92/229] 5076.T: best train_pf_eff=999.000, forward_pf_eff=0.000, trades=5/0
[2025-10-17 12:25:24] [93/229] 5108.T: best train_pf_eff=0.721, forward_pf_eff=6.793, trades=19/5
[2025-10-17 12:25:24] [94/229] 5253.T: best train_pf_eff=0.000, forward_pf_eff=0.000, trades=0/2
[2025-10-17 12:25:28] [95/229] 5401.T: best train_pf_eff=1.525, forward_pf_eff=2.434, trades=22/7
[2025-10-17 12:25:31] [96/229] 5411.T: best train_pf_eff=3.011, forward_pf_eff=0.249, trades=7/5
[2025-10-17 12:25:33] [97/229] 5595.T: best train_pf_eff=0.000, forward_pf_eff=9.148, trades=1/5
[2025-10-17 12:25:36] [98/229] 5631.T: best train_pf_eff=0.204, forward_pf_eff=3.284, trades=9/6
[2025-10-17 12:25:40] [99/229] 5706.T: best train_pf_eff=1.365, forward_pf_eff=999.000, trades=18/7
[2025-10-17 12:25:42] [100/229] 5711.T: best train_pf_eff=999.000, forward_pf_eff=999.000, trades=3/2
[2025-10-17 12:25:47] [101/229] 5713.T: best train_pf_eff=1.104, forward_pf_eff=0.550, trades=24/7
[2025-10-17 12:25:49] [102/229] 5726.T: best train_pf_eff=1.527, forward_pf_eff=1.674, trades=9/3
[2025-10-17 12:25:53] [103/229] 5801.T: best train_pf_eff=0.927, forward_pf_eff=4.338, trades=26/11
[2025-10-17 12:25:57] [104/229] 5802.T: best train_pf_eff=0.492, forward_pf_eff=0.423, trades=24/10
[2025-10-17 12:26:02] [105/229] 5803.T: best train_pf_eff=0.605, forward_pf_eff=2.325, trades=27/7
[2025-10-17 12:26:06] [106/229] 5838.T: best train_pf_eff=0.336, forward_pf_eff=3.162, trades=18/7
[2025-10-17 12:26:09] [107/229] 6098.T: best train_pf_eff=1.007, forward_pf_eff=1.952, trades=23/5
[2025-10-17 12:26:10] [108/229] 6141.T: best train_pf_eff=0.000, forward_pf_eff=999.000, trades=0/3
[2025-10-17 12:26:15] [109/229] 6146.T: best train_pf_eff=2.914, forward_pf_eff=0.279, trades=13/9
[2025-10-17 12:26:18] [110/229] 6178.T: best train_pf_eff=1.542, forward_pf_eff=0.020, trades=21/4
[2025-10-17 12:26:19] [111/229] 6232.T: best train_pf_eff=2.634, forward_pf_eff=0.000, trades=3/0
[2025-10-17 12:26:20] [112/229] 6268.T: best train_pf_eff=999.000, forward_pf_eff=2.341, trades=3/5
[2025-10-17 12:26:24] [113/229] 6301.T: best train_pf_eff=0.890, forward_pf_eff=0.160, trades=25/10
[2025-10-17 12:26:28] [114/229] 6315.T: best train_pf_eff=0.996, forward_pf_eff=5.898, trades=18/12
[2025-10-17 12:26:32] [115/229] 6323.T: best train_pf_eff=1.743, forward_pf_eff=0.227, trades=15/3
[2025-10-17 12:26:33] [116/229] 6324.T: best train_pf_eff=999.000, forward_pf_eff=2.798, trades=1/5
[2025-10-17 12:26:36] [117/229] 6326.T: best train_pf_eff=2.861, forward_pf_eff=0.000, trades=11/6
[2025-10-17 12:26:37] [118/229] 6330.T: best train_pf_eff=0.000, forward_pf_eff=1.138, trades=0/5
[2025-10-17 12:26:40] [119/229] 6361.T: best train_pf_eff=0.243, forward_pf_eff=3.679, trades=15/5
[2025-10-17 12:26:44] [120/229] 6367.T: best train_pf_eff=0.636, forward_pf_eff=1.147, trades=26/8
[2025-10-17 12:26:48] [121/229] 6501.T: best train_pf_eff=0.926, forward_pf_eff=1.794, trades=19/6
[2025-10-17 12:26:52] [122/229] 6503.T: best train_pf_eff=1.301, forward_pf_eff=2.819, trades=16/7
[2025-10-17 12:26:56] [123/229] 6506.T: best train_pf_eff=0.642, forward_pf_eff=1.920, trades=19/7
[2025-10-17 12:27:00] [124/229] 6525.T: best train_pf_eff=0.695, forward_pf_eff=999.000, trades=12/6
[2025-10-17 12:27:03] [125/229] 6526.T: best train_pf_eff=0.685, forward_pf_eff=999.000, trades=22/6
[2025-10-17 12:27:07] [126/229] 6532.T: best train_pf_eff=0.676, forward_pf_eff=2.635, trades=21/6
[2025-10-17 12:27:11] [127/229] 6590.T: best train_pf_eff=0.738, forward_pf_eff=3.875, trades=14/7
[2025-10-17 12:27:14] [128/229] 6594.T: best train_pf_eff=0.946, forward_pf_eff=1.468, trades=26/6
[2025-10-17 12:27:17] [129/229] 6701.T: best train_pf_eff=0.382, forward_pf_eff=2.069, trades=20/7
[2025-10-17 12:27:21] [130/229] 6702.T: best train_pf_eff=0.307, forward_pf_eff=1.142, trades=15/8
[2025-10-17 12:27:25] [131/229] 6723.T: best train_pf_eff=0.474, forward_pf_eff=1.369, trades=25/7
[2025-10-17 12:27:29] [132/229] 6752.T: best train_pf_eff=3.262, forward_pf_eff=5.248, trades=20/6
[2025-10-17 12:27:29] [133/229] 6754.T: best train_pf_eff=0.541, forward_pf_eff=0.000, trades=2/0
[2025-10-17 12:27:32] [134/229] 6758.T: best train_pf_eff=0.441, forward_pf_eff=4.969, trades=18/9
[2025-10-17 12:27:37] [135/229] 6762.T: best train_pf_eff=0.519, forward_pf_eff=999.000, trades=22/6
[2025-10-17 12:27:39] [136/229] 6814.T: best train_pf_eff=3.012, forward_pf_eff=1.280, trades=5/6
[2025-10-17 12:27:43] [137/229] 6857.T: best train_pf_eff=0.480, forward_pf_eff=0.195, trades=23/8
[2025-10-17 12:27:47] [138/229] 6861.T: best train_pf_eff=2.093, forward_pf_eff=3.141, trades=20/5
[2025-10-17 12:27:47] [139/229] 6869.T: best train_pf_eff=999.000, forward_pf_eff=0.000, trades=2/0
[2025-10-17 12:27:50] [140/229] 6871.T: best train_pf_eff=0.709, forward_pf_eff=3.747, trades=12/8
[2025-10-17 12:27:54] [141/229] 6902.T: best train_pf_eff=0.370, forward_pf_eff=0.246, trades=22/9
[2025-10-17 12:27:58] [142/229] 6920.T: best train_pf_eff=0.544, forward_pf_eff=3.984, trades=25/11
[2025-10-17 12:28:00] [143/229] 6954.T: best train_pf_eff=0.642, forward_pf_eff=1.573, trades=16/5
[2025-10-17 12:28:03] [144/229] 6963.T: best train_pf_eff=0.493, forward_pf_eff=0.087, trades=18/4
[2025-10-17 12:28:03] [145/229] 6965.T: best train_pf_eff=999.000, forward_pf_eff=0.000, trades=4/0
[2025-10-17 12:28:05] [146/229] 6971.T: best train_pf_eff=0.444, forward_pf_eff=999.000, trades=11/4
[2025-10-17 12:28:06] [147/229] 6976.T: best train_pf_eff=0.657, forward_pf_eff=0.000, trades=10/1
[2025-10-17 12:28:11] [148/229] 6981.T: best train_pf_eff=0.287, forward_pf_eff=5.957, trades=18/7
[2025-10-17 12:28:14] [149/229] 6988.T: best train_pf_eff=0.169, forward_pf_eff=2.812, trades=13/6
[2025-10-17 12:28:18] [150/229] 7003.T: best train_pf_eff=0.667, forward_pf_eff=4.966, trades=16/6
[2025-10-17 12:28:22] [151/229] 7011.T: best train_pf_eff=0.414, forward_pf_eff=4.483, trades=23/8
[2025-10-17 12:28:25] [152/229] 7012.T: best train_pf_eff=0.419, forward_pf_eff=999.000, trades=14/8
[2025-10-17 12:28:30] [153/229] 7013.T: best train_pf_eff=0.367, forward_pf_eff=3.066, trades=14/5
[2025-10-17 12:28:34] [154/229] 7182.T: best train_pf_eff=0.933, forward_pf_eff=1.311, trades=15/5
[2025-10-17 12:28:39] [155/229] 7201.T: best train_pf_eff=0.523, forward_pf_eff=1.899, trades=11/6
[2025-10-17 12:28:40] [156/229] 7202.T: best train_pf_eff=0.316, forward_pf_eff=0.000, trades=4/0
[2025-10-17 12:28:43] [157/229] 7203.T: best train_pf_eff=0.638, forward_pf_eff=1.313, trades=25/5
[2025-10-17 12:28:44] [158/229] 7259.T: best train_pf_eff=0.969, forward_pf_eff=0.000, trades=9/0
[2025-10-17 12:28:46] [159/229] 7261.T: best train_pf_eff=2.977, forward_pf_eff=999.000, trades=12/2
[2025-10-17 12:28:50] [160/229] 7267.T: best train_pf_eff=0.981, forward_pf_eff=0.445, trades=26/7
[2025-10-17 12:28:54] [161/229] 7269.T: best train_pf_eff=0.441, forward_pf_eff=0.103, trades=21/9
[2025-10-17 12:28:58] [162/229] 7270.T: best train_pf_eff=1.016, forward_pf_eff=1.931, trades=20/8
[2025-10-17 12:28:59] [163/229] 7272.T: best train_pf_eff=999.000, forward_pf_eff=0.000, trades=3/2
[2025-10-17 12:29:03] [164/229] 7453.T: best train_pf_eff=0.256, forward_pf_eff=1.596, trades=18/6
[2025-10-17 12:29:06] [165/229] 7532.T: best train_pf_eff=1.048, forward_pf_eff=0.220, trades=14/6
[2025-10-17 12:29:09] [166/229] 7711.T: best train_pf_eff=3.845, forward_pf_eff=1.191, trades=5/5
[2025-10-17 12:29:10] [167/229] 7733.T: best train_pf_eff=1.823, forward_pf_eff=0.000, trades=6/0
[2025-10-17 12:29:15] [168/229] 7735.T: best train_pf_eff=2.095, forward_pf_eff=3.207, trades=24/9
[2025-10-17 12:29:19] [169/229] 7741.T: best train_pf_eff=1.476, forward_pf_eff=0.000, trades=17/8
[2025-10-17 12:29:23] [170/229] 7751.T: best train_pf_eff=0.687, forward_pf_eff=0.282, trades=27/10
[2025-10-17 12:29:23] [171/229] 7762.T: best train_pf_eff=0.406, forward_pf_eff=0.000, trades=2/0
[2025-10-17 12:29:26] [172/229] 7832.T: best train_pf_eff=3.733, forward_pf_eff=0.000, trades=17/0
[2025-10-17 12:29:29] [173/229] 7936.T: best train_pf_eff=1.286, forward_pf_eff=8.648, trades=18/10
[2025-10-17 12:29:33] [174/229] 7974.T: best train_pf_eff=0.885, forward_pf_eff=0.138, trades=19/6
[2025-10-17 12:29:37] [175/229] 8001.T: best train_pf_eff=0.655, forward_pf_eff=0.163, trades=25/11
[2025-10-17 12:29:41] [176/229] 8002.T: best train_pf_eff=0.641, forward_pf_eff=2.580, trades=27/10
[2025-10-17 12:29:43] [177/229] 8015.T: best train_pf_eff=1.112, forward_pf_eff=0.000, trades=5/4
[2025-10-17 12:29:47] [178/229] 8031.T: best train_pf_eff=0.792, forward_pf_eff=0.363, trades=30/8
[2025-10-17 12:29:51] [179/229] 8035.T: best train_pf_eff=0.876, forward_pf_eff=4.602, trades=21/10
[2025-10-17 12:29:56] [180/229] 8053.T: best train_pf_eff=0.549, forward_pf_eff=0.209, trades=30/8
[2025-10-17 12:30:00] [181/229] 8058.T: best train_pf_eff=0.867, forward_pf_eff=1.031, trades=29/7
[2025-10-17 12:30:01] [182/229] 8105.T: best train_pf_eff=4.382, forward_pf_eff=0.000, trades=3/0
[2025-10-17 12:30:01] [183/229] 8113.T: best train_pf_eff=4.066, forward_pf_eff=0.000, trades=3/0
[2025-10-17 12:30:05] [184/229] 8136.T: best train_pf_eff=0.948, forward_pf_eff=2.517, trades=10/7
[2025-10-17 12:30:08] [185/229] 8233.T: best train_pf_eff=1.110, forward_pf_eff=0.000, trades=10/1
[2025-10-17 12:30:12] [186/229] 8267.T: best train_pf_eff=0.501, forward_pf_eff=2.294, trades=22/9
[2025-10-17 12:30:17] [187/229] 8306.T: best train_pf_eff=0.482, forward_pf_eff=999.000, trades=19/7
[2025-10-17 12:30:21] [188/229] 8308.T: best train_pf_eff=0.565, forward_pf_eff=999.000, trades=20/8
[2025-10-17 12:30:25] [189/229] 8309.T: best train_pf_eff=0.688, forward_pf_eff=999.000, trades=26/7
[2025-10-17 12:30:29] [190/229] 8316.T: best train_pf_eff=0.381, forward_pf_eff=5.373, trades=22/8
[2025-10-17 12:30:33] [191/229] 8411.T: best train_pf_eff=0.729, forward_pf_eff=2.897, trades=26/8
[2025-10-17 12:30:38] [192/229] 8473.T: best train_pf_eff=0.486, forward_pf_eff=1.313, trades=22/6
[2025-10-17 12:30:42] [193/229] 8591.T: best train_pf_eff=0.276, forward_pf_eff=1.601, trades=23/6
[2025-10-17 12:30:43] [194/229] 8601.T: best train_pf_eff=10.019, forward_pf_eff=0.196, trades=9/6
[2025-10-17 12:30:48] [195/229] 8604.T: best train_pf_eff=0.750, forward_pf_eff=1.559, trades=28/8
[2025-10-17 12:30:52] [196/229] 8630.T: best train_pf_eff=0.522, forward_pf_eff=3.315, trades=24/5
[2025-10-17 12:30:56] [197/229] 8697.T: best train_pf_eff=1.972, forward_pf_eff=1.270, trades=12/3
[2025-10-17 12:31:00] [198/229] 8725.T: best train_pf_eff=1.170, forward_pf_eff=3.298, trades=16/5
[2025-10-17 12:31:03] [199/229] 8729.T: best train_pf_eff=2.948, forward_pf_eff=999.000, trades=14/7
[2025-10-17 12:31:09] [200/229] 8750.T: best train_pf_eff=0.609, forward_pf_eff=0.227, trades=27/11
[2025-10-17 12:31:14] [201/229] 8766.T: best train_pf_eff=0.481, forward_pf_eff=1.983, trades=12/5
[2025-10-17 12:31:16] [202/229] 8795.T: best train_pf_eff=999.000, forward_pf_eff=0.000, trades=6/0
[2025-10-17 12:31:19] [203/229] 8801.T: best train_pf_eff=0.767, forward_pf_eff=0.357, trades=25/7
[2025-10-17 12:31:22] [204/229] 8802.T: best train_pf_eff=0.435, forward_pf_eff=0.464, trades=14/6
[2025-10-17 12:31:24] [205/229] 8830.T: best train_pf_eff=0.907, forward_pf_eff=1.068, trades=7/6
[2025-10-17 12:31:27] [206/229] 9020.T: best train_pf_eff=0.687, forward_pf_eff=0.386, trades=13/2
[2025-10-17 12:31:31] [207/229] 9022.T: best train_pf_eff=1.140, forward_pf_eff=0.187, trades=17/3
[2025-10-17 12:31:32] [208/229] 9023.T: best train_pf_eff=999.000, forward_pf_eff=0.061, trades=3/2
[2025-10-17 12:31:34] [209/229] 9024.T: best train_pf_eff=1.000, forward_pf_eff=0.000, trades=21/0
[2025-10-17 12:31:40] [210/229] 9101.T: best train_pf_eff=0.736, forward_pf_eff=1.086, trades=22/6
[2025-10-17 12:31:46] [211/229] 9104.T: best train_pf_eff=0.572, forward_pf_eff=1.230, trades=19/5
[2025-10-17 12:31:50] [212/229] 9107.T: best train_pf_eff=0.694, forward_pf_eff=1.586, trades=16/8
[2025-10-17 12:31:51] [213/229] 9201.T: best train_pf_eff=999.000, forward_pf_eff=0.000, trades=1/0
[2025-10-17 12:31:51] [214/229] 9240.T: best train_pf_eff=0.000, forward_pf_eff=0.541, trades=0/2
[2025-10-17 12:31:56] [215/229] 9432.T: best train_pf_eff=2.234, forward_pf_eff=2.807, trades=19/5
[2025-10-17 12:32:01] [216/229] 9433.T: best train_pf_eff=0.843, forward_pf_eff=1.059, trades=23/8
[2025-10-17 12:32:07] [217/229] 9434.T: best train_pf_eff=0.578, forward_pf_eff=0.189, trades=28/10
[2025-10-17 12:32:11] [218/229] 9501.T: best train_pf_eff=0.372, forward_pf_eff=1.142, trades=6/5
[2025-10-17 12:32:11] [219/229] 9502.T: best train_pf_eff=0.000, forward_pf_eff=0.000, trades=0/0
[2025-10-17 12:32:15] [220/229] 9503.T: best train_pf_eff=5.751, forward_pf_eff=0.091, trades=11/7
[2025-10-17 12:32:15] [221/229] 9504.T: best train_pf_eff=0.000, forward_pf_eff=0.000, trades=0/0
[2025-10-17 12:32:17] [222/229] 9509.T: best train_pf_eff=5.319, forward_pf_eff=0.394, trades=8/2
[2025-10-17 12:32:18] [223/229] 9602.T: best train_pf_eff=999.000, forward_pf_eff=0.582, trades=5/2
[2025-10-17 12:32:21] [224/229] 9697.T: best train_pf_eff=2.352, forward_pf_eff=0.000, trades=25/0
[2025-10-17 12:32:21] [225/229] 9831.T: best train_pf_eff=1.833, forward_pf_eff=0.000, trades=2/0
[2025-10-17 12:32:26] [226/229] 9843.T: best train_pf_eff=1.262, forward_pf_eff=1.790, trades=21/5
[2025-10-17 12:32:26] [227/229] 9861.T: best train_pf_eff=0.000, forward_pf_eff=2.327, trades=0/2
[2025-10-17 12:32:31] [228/229] 9983.T: best train_pf_eff=0.407, forward_pf_eff=999.000, trades=9/5
[2025-10-17 12:32:35] [229/229] 9984.T: best train_pf_eff=0.417, forward_pf_eff=4.280, trades=24/7
[2025-10-17 12:32:35] Excel summary written to output\bt30\RUN_coarse_AM15_jcross_20251017_122030\summary_20251017_123235.xlsx
[2025-10-17 12:32:35] Run completed in 12.1 minutes
