[2025-10-17 07:51:50] Run started
[2025-10-17 07:51:50] Fetching Yahoo Finance 1m bars for 300 tickers (lookback=60, chunk=5)
[2025-10-17 07:53:35] Session filter kept 69029 / 1824752 rows
[2025-10-17 07:53:35] Liquidity filter quantile=0.50 kept 262 tickers
[2025-10-17 07:53:35] Using 2 rolling slices (train=12, forward=4)
[2025-10-17 07:53:35] Parameter grid size: 648 (mode=coarse, signal=full)
[2025-10-17 07:53:44] [1/262] 1321.T: best train_pf_eff=0.749, forward_pf_eff=0.000, trades=15/5
[2025-10-17 07:53:53] [2/262] 1357.T: best train_pf_eff=1.665, forward_pf_eff=0.999, trades=16/4
[2025-10-17 07:54:02] [3/262] 1360.T: best train_pf_eff=0.375, forward_pf_eff=0.150, trades=15/6
[2025-10-17 07:54:10] [4/262] 1458.T: best train_pf_eff=0.642, forward_pf_eff=0.499, trades=10/4
[2025-10-17 07:54:19] [5/262] 1540.T: best train_pf_eff=0.922, forward_pf_eff=7.490, trades=21/6
[2025-10-17 07:54:24] [6/262] 1541.T: best train_pf_eff=1.498, forward_pf_eff=0.000, trades=4/0
[2025-10-17 07:54:29] [7/262] 1542.T: best train_pf_eff=1.998, forward_pf_eff=0.000, trades=3/3
[2025-10-17 07:54:39] [8/262] 1570.T: best train_pf_eff=0.214, forward_pf_eff=0.250, trades=24/7
[2025-10-17 07:54:48] [9/262] 1579.T: best train_pf_eff=0.856, forward_pf_eff=1.498, trades=11/6
[2025-10-17 07:54:59] [10/262] 1605.T: best train_pf_eff=0.176, forward_pf_eff=0.250, trades=19/7
[2025-10-17 07:55:05] [11/262] 1802.T: best train_pf_eff=999.000, forward_pf_eff=0.000, trades=3/1
[2025-10-17 07:55:09] [12/262] 1803.T: best train_pf_eff=0.000, forward_pf_eff=0.000, trades=1/1
[2025-10-17 07:55:16] [13/262] 1812.T: best train_pf_eff=0.499, forward_pf_eff=0.000, trades=4/0
[2025-10-17 07:55:25] [14/262] 186A.T: best train_pf_eff=0.749, forward_pf_eff=2.247, trades=9/5
[2025-10-17 07:55:30] [15/262] 1911.T: best train_pf_eff=0.000, forward_pf_eff=0.000, trades=9/0
[2025-10-17 07:55:38] [16/262] 1925.T: best train_pf_eff=1.248, forward_pf_eff=0.375, trades=11/5
[2025-10-17 07:55:45] [17/262] 1928.T: best train_pf_eff=0.599, forward_pf_eff=0.000, trades=7/2
[2025-10-17 07:55:53] [18/262] 1942.T: best train_pf_eff=0.171, forward_pf_eff=0.000, trades=8/10
[2025-10-17 07:56:02] [19/262] 2036.T: best train_pf_eff=0.200, forward_pf_eff=1.498, trades=17/4
[2025-10-17 07:56:11] [20/262] 215A.T: best train_pf_eff=0.999, forward_pf_eff=999.000, trades=16/11
[2025-10-17 07:56:17] [21/262] 2160.T: best train_pf_eff=0.000, forward_pf_eff=0.000, trades=16/2
[2025-10-17 07:56:23] [22/262] 218A.T: best train_pf_eff=0.125, forward_pf_eff=0.000, trades=7/2
[2025-10-17 07:56:32] [23/262] 219A.T: best train_pf_eff=0.187, forward_pf_eff=0.000, trades=18/6
[2025-10-17 07:56:37] [24/262] 2267.T: best train_pf_eff=0.000, forward_pf_eff=0.000, trades=12/0
[2025-10-17 07:56:44] [25/262] 2269.T: best train_pf_eff=0.000, forward_pf_eff=0.000, trades=2/4
[2025-10-17 07:56:50] [26/262] 2334.T: best train_pf_eff=2.996, forward_pf_eff=0.000, trades=3/3
[2025-10-17 07:56:58] [27/262] 2413.T: best train_pf_eff=1.249, forward_pf_eff=1.124, trades=8/5
[2025-10-17 07:57:07] [28/262] 2432.T: best train_pf_eff=0.399, forward_pf_eff=0.240, trades=12/6
[2025-10-17 07:57:16] [29/262] 247A.T: best train_pf_eff=0.749, forward_pf_eff=2.247, trades=15/5
[2025-10-17 07:57:26] [30/262] 2502.T: best train_pf_eff=0.068, forward_pf_eff=0.375, trades=23/10
[2025-10-17 07:57:31] [31/262] 2503.T: best train_pf_eff=0.375, forward_pf_eff=0.000, trades=5/4
[2025-10-17 07:57:35] [32/262] 2670.T: best train_pf_eff=0.000, forward_pf_eff=0.000, trades=0/0
[2025-10-17 07:57:41] [33/262] 2726.T: best train_pf_eff=999.000, forward_pf_eff=2.396, trades=2/3
[2025-10-17 07:57:46] [34/262] 2768.T: best train_pf_eff=0.599, forward_pf_eff=2.996, trades=7/3
[2025-10-17 07:57:52] [35/262] 2801.T: best train_pf_eff=0.000, forward_pf_eff=0.000, trades=3/2
[2025-10-17 07:58:03] [36/262] 2802.T: best train_pf_eff=0.666, forward_pf_eff=2.247, trades=13/5
[2025-10-17 07:58:13] [37/262] 285A.T: best train_pf_eff=0.250, forward_pf_eff=0.250, trades=14/7
[2025-10-17 07:58:19] [38/262] 2897.T: best train_pf_eff=0.000, forward_pf_eff=0.000, trades=18/0
[2025-10-17 07:58:25] [39/262] 290A.T: best train_pf_eff=0.749, forward_pf_eff=0.000, trades=3/2
[2025-10-17 07:58:35] [40/262] 2914.T: best train_pf_eff=0.240, forward_pf_eff=0.375, trades=29/10
[2025-10-17 07:58:44] [41/262] 3038.T: best train_pf_eff=3.495, forward_pf_eff=0.749, trades=10/3
[2025-10-17 07:58:52] [42/262] 3064.T: best train_pf_eff=0.300, forward_pf_eff=0.000, trades=12/6
[2025-10-17 07:58:58] [43/262] 3086.T: best train_pf_eff=1.498, forward_pf_eff=0.000, trades=4/1
[2025-10-17 07:59:04] [44/262] 3088.T: best train_pf_eff=0.000, forward_pf_eff=0.399, trades=6/4
[2025-10-17 07:59:07] [45/262] 3092.T: best train_pf_eff=0.000, forward_pf_eff=0.000, trades=0/4
[2025-10-17 07:59:13] [46/262] 3099.T: best train_pf_eff=2.247, forward_pf_eff=4.494, trades=5/4
[2025-10-17 07:59:19] [47/262] 314A.T: best train_pf_eff=0.000, forward_pf_eff=0.000, trades=3/6
[2025-10-17 07:59:21] [48/262] 3231.T: best train_pf_eff=999.000, forward_pf_eff=0.000, trades=1/0
[2025-10-17 07:59:28] [49/262] 3289.T: best train_pf_eff=0.375, forward_pf_eff=0.000, trades=5/4
[2025-10-17 07:59:32] [50/262] 3349.T: best train_pf_eff=0.000, forward_pf_eff=0.000, trades=2/0
[2025-10-17 07:59:41] [51/262] 3350.T: best train_pf_eff=0.666, forward_pf_eff=0.000, trades=15/7
[2025-10-17 07:59:51] [52/262] 3382.T: best train_pf_eff=0.107, forward_pf_eff=0.000, trades=30/11
[2025-10-17 07:59:56] [53/262] 3402.T: best train_pf_eff=0.000, forward_pf_eff=0.000, trades=4/0
[2025-10-17 08:00:02] [54/262] 3405.T: best train_pf_eff=0.000, forward_pf_eff=0.599, trades=4/3
[2025-10-17 08:00:07] [55/262] 3407.T: best train_pf_eff=0.000, forward_pf_eff=0.000, trades=0/1
[2025-10-17 08:00:17] [56/262] 3436.T: best train_pf_eff=0.158, forward_pf_eff=0.375, trades=21/10
[2025-10-17 08:00:27] [57/262] 3563.T: best train_pf_eff=0.691, forward_pf_eff=0.214, trades=19/8
[2025-10-17 08:00:33] [58/262] 3635.T: best train_pf_eff=1.797, forward_pf_eff=2.396, trades=5/3
[2025-10-17 08:00:35] [59/262] 3647.T: best train_pf_eff=0.000, forward_pf_eff=0.000, trades=0/0
[2025-10-17 08:00:39] [60/262] 3687.T: best train_pf_eff=1.498, forward_pf_eff=1.498, trades=2/2
[2025-10-17 08:00:48] [61/262] 3692.T: best train_pf_eff=0.200, forward_pf_eff=0.000, trades=17/10
[2025-10-17 08:00:57] [62/262] 3697.T: best train_pf_eff=0.749, forward_pf_eff=1.498, trades=3/6
[2025-10-17 08:01:02] [63/262] 3861.T: best train_pf_eff=0.000, forward_pf_eff=0.000, trades=7/0
[2025-10-17 08:01:11] [64/262] 3905.T: best train_pf_eff=0.167, forward_pf_eff=0.749, trades=22/4
[2025-10-17 08:01:20] [65/262] 4004.T: best train_pf_eff=1.498, forward_pf_eff=1.498, trades=8/6
[2025-10-17 08:01:27] [66/262] 4005.T: best train_pf_eff=0.599, forward_pf_eff=0.000, trades=9/2
[2025-10-17 08:01:35] [67/262] 402A.T: best train_pf_eff=0.428, forward_pf_eff=0.749, trades=9/6
[2025-10-17 08:01:38] [68/262] 4042.T: best train_pf_eff=0.000, forward_pf_eff=0.599, trades=0/3
[2025-10-17 08:01:42] [69/262] 4043.T: best train_pf_eff=0.000, forward_pf_eff=0.000, trades=2/0
[2025-10-17 08:01:52] [70/262] 4062.T: best train_pf_eff=0.285, forward_pf_eff=0.166, trades=25/10
[2025-10-17 08:02:01] [71/262] 4063.T: best train_pf_eff=0.458, forward_pf_eff=0.250, trades=29/8
[2025-10-17 08:02:04] [72/262] 4088.T: best train_pf_eff=0.000, forward_pf_eff=1.198, trades=0/4
[2025-10-17 08:02:10] [73/262] 4182.T: best train_pf_eff=0.000, forward_pf_eff=0.000, trades=1/3
[2025-10-17 08:02:16] [74/262] 4188.T: best train_pf_eff=0.000, forward_pf_eff=0.000, trades=5/2
[2025-10-17 08:02:22] [75/262] 4204.T: best train_pf_eff=0.749, forward_pf_eff=0.749, trades=6/4
[2025-10-17 08:02:24] [76/262] 423A.T: best train_pf_eff=0.000, forward_pf_eff=999.000, trades=0/1
[2025-10-17 08:02:33] [77/262] 4307.T: best train_pf_eff=0.346, forward_pf_eff=0.000, trades=16/6
[2025-10-17 08:02:41] [78/262] 4385.T: best train_pf_eff=0.160, forward_pf_eff=0.200, trades=12/5
[2025-10-17 08:02:47] [79/262] 4446.T: best train_pf_eff=0.499, forward_pf_eff=0.999, trades=4/5
[2025-10-17 08:02:57] [80/262] 4452.T: best train_pf_eff=0.499, forward_pf_eff=0.333, trades=9/4
[2025-10-17 08:03:08] [81/262] 4502.T: best train_pf_eff=0.674, forward_pf_eff=0.225, trades=19/13
[2025-10-17 08:03:19] [82/262] 4503.T: best train_pf_eff=0.636, forward_pf_eff=3.996, trades=18/5
[2025-10-17 08:03:28] [83/262] 4506.T: best train_pf_eff=0.636, forward_pf_eff=1.332, trades=18/7
[2025-10-17 08:03:35] [84/262] 4507.T: best train_pf_eff=999.000, forward_pf_eff=0.000, trades=1/2
[2025-10-17 08:03:45] [85/262] 4519.T: best train_pf_eff=0.261, forward_pf_eff=0.499, trades=27/8
[2025-10-17 08:03:57] [86/262] 4523.T: best train_pf_eff=0.999, forward_pf_eff=2.996, trades=10/6
[2025-10-17 08:04:02] [87/262] 4528.T: best train_pf_eff=0.000, forward_pf_eff=0.000, trades=0/0
[2025-10-17 08:04:12] [88/262] 4543.T: best train_pf_eff=0.400, forward_pf_eff=0.200, trades=15/5
[2025-10-17 08:04:26] [89/262] 4568.T: best train_pf_eff=0.499, forward_pf_eff=1.498, trades=20/8
[2025-10-17 08:04:33] [90/262] 4571.T: best train_pf_eff=0.000, forward_pf_eff=0.000, trades=3/5
[2025-10-17 08:04:42] [91/262] 4578.T: best train_pf_eff=0.399, forward_pf_eff=2.396, trades=8/3
[2025-10-17 08:04:46] [92/262] 4588.T: best train_pf_eff=1.198, forward_pf_eff=1.198, trades=2/2
[2025-10-17 08:04:57] [93/262] 4592.T: best train_pf_eff=0.346, forward_pf_eff=999.000, trades=16/5
[2025-10-17 08:05:00] [94/262] 4612.T: best train_pf_eff=0.000, forward_pf_eff=0.000, trades=0/1
[2025-10-17 08:05:12] [95/262] 4661.T: best train_pf_eff=0.375, forward_pf_eff=0.107, trades=21/8
[2025-10-17 08:05:18] [96/262] 4680.T: best train_pf_eff=0.533, forward_pf_eff=0.000, trades=5/1
[2025-10-17 08:05:27] [97/262] 4689.T: best train_pf_eff=1.748, forward_pf_eff=0.000, trades=13/4
[2025-10-17 08:05:35] [98/262] 4704.T: best train_pf_eff=1.498, forward_pf_eff=0.000, trades=4/4
[2025-10-17 08:05:38] [99/262] 4732.T: best train_pf_eff=999.000, forward_pf_eff=0.000, trades=1/0
[2025-10-17 08:05:44] [100/262] 4751.T: best train_pf_eff=0.000, forward_pf_eff=0.000, trades=4/2
[2025-10-17 08:05:54] [101/262] 4755.T: best train_pf_eff=0.315, forward_pf_eff=0.111, trades=25/10
[2025-10-17 08:06:00] [102/262] 4814.T: best train_pf_eff=999.000, forward_pf_eff=999.000, trades=1/1
[2025-10-17 08:06:04] [103/262] 4889.T: best train_pf_eff=0.000, forward_pf_eff=0.000, trades=0/0
[2025-10-17 08:06:13] [104/262] 4901.T: best train_pf_eff=0.231, forward_pf_eff=0.000, trades=16/5
[2025-10-17 08:06:22] [105/262] 4911.T: best train_pf_eff=0.214, forward_pf_eff=0.375, trades=8/5
[2025-10-17 08:06:32] [106/262] 5016.T: best train_pf_eff=1.498, forward_pf_eff=1.124, trades=10/7
[2025-10-17 08:06:37] [107/262] 5019.T: best train_pf_eff=1.498, forward_pf_eff=0.000, trades=2/0
[2025-10-17 08:06:47] [108/262] 5020.T: best train_pf_eff=0.264, forward_pf_eff=0.000, trades=20/4
[2025-10-17 08:06:55] [109/262] 5076.T: best train_pf_eff=0.000, forward_pf_eff=0.000, trades=7/4
[2025-10-17 08:07:02] [110/262] 5105.T: best train_pf_eff=0.799, forward_pf_eff=0.400, trades=2/3
[2025-10-17 08:07:14] [111/262] 5108.T: best train_pf_eff=0.285, forward_pf_eff=0.342, trades=26/9
[2025-10-17 08:07:18] [112/262] 5246.T: best train_pf_eff=0.000, forward_pf_eff=0.000, trades=0/0
[2025-10-17 08:07:24] [113/262] 5253.T: best train_pf_eff=999.000, forward_pf_eff=999.000, trades=1/1
[2025-10-17 08:07:35] [114/262] 5401.T: best train_pf_eff=0.285, forward_pf_eff=0.000, trades=18/11
[2025-10-17 08:07:42] [115/262] 5406.T: best train_pf_eff=0.000, forward_pf_eff=0.000, trades=2/3
[2025-10-17 08:07:49] [116/262] 5411.T: best train_pf_eff=0.171, forward_pf_eff=1.199, trades=9/3
[2025-10-17 08:08:00] [117/262] 5595.T: best train_pf_eff=0.000, forward_pf_eff=0.300, trades=10/5
[2025-10-17 08:08:11] [118/262] 5631.T: best train_pf_eff=0.200, forward_pf_eff=0.214, trades=19/9
[2025-10-17 08:08:22] [119/262] 5706.T: best train_pf_eff=0.674, forward_pf_eff=1.499, trades=19/6
[2025-10-17 08:08:32] [120/262] 5711.T: best train_pf_eff=1.124, forward_pf_eff=0.250, trades=7/7
[2025-10-17 08:08:42] [121/262] 5713.T: best train_pf_eff=0.170, forward_pf_eff=0.125, trades=27/14
[2025-10-17 08:08:45] [122/262] 5724.T: best train_pf_eff=0.000, forward_pf_eff=0.000, trades=0/1
[2025-10-17 08:08:54] [123/262] 5726.T: best train_pf_eff=0.281, forward_pf_eff=0.000, trades=19/5
[2025-10-17 08:09:04] [124/262] 5801.T: best train_pf_eff=0.562, forward_pf_eff=2.247, trades=11/5
[2025-10-17 08:09:15] [125/262] 5802.T: best train_pf_eff=0.449, forward_pf_eff=0.999, trades=13/5
[2025-10-17 08:09:25] [126/262] 5803.T: best train_pf_eff=0.272, forward_pf_eff=1.498, trades=13/8
[2025-10-17 08:09:36] [127/262] 5838.T: best train_pf_eff=0.749, forward_pf_eff=0.000, trades=18/7
[2025-10-17 08:09:39] [128/262] 5991.T: best train_pf_eff=0.000, forward_pf_eff=0.000, trades=0/1
[2025-10-17 08:09:48] [129/262] 6098.T: best train_pf_eff=0.225, forward_pf_eff=0.094, trades=13/9
[2025-10-17 08:09:53] [130/262] 6141.T: best train_pf_eff=0.749, forward_pf_eff=0.000, trades=2/0
[2025-10-17 08:10:03] [131/262] 6146.T: best train_pf_eff=0.456, forward_pf_eff=0.125, trades=30/13
[2025-10-17 08:10:10] [132/262] 6177.T: best train_pf_eff=0.000, forward_pf_eff=0.000, trades=6/2
[2025-10-17 08:10:21] [133/262] 6178.T: best train_pf_eff=0.499, forward_pf_eff=0.599, trades=24/7
[2025-10-17 08:10:25] [134/262] 6232.T: best train_pf_eff=2.996, forward_pf_eff=2.996, trades=3/3
[2025-10-17 08:10:33] [135/262] 6268.T: best train_pf_eff=0.000, forward_pf_eff=0.000, trades=2/1
[2025-10-17 08:10:43] [136/262] 6301.T: best train_pf_eff=0.999, forward_pf_eff=0.749, trades=20/6
[2025-10-17 08:10:54] [137/262] 6315.T: best train_pf_eff=0.409, forward_pf_eff=0.000, trades=28/9
[2025-10-17 08:11:05] [138/262] 6323.T: best train_pf_eff=1.855, forward_pf_eff=1.998, trades=20/6
[2025-10-17 08:11:09] [139/262] 6324.T: best train_pf_eff=0.000, forward_pf_eff=0.399, trades=1/4
[2025-10-17 08:11:18] [140/262] 6326.T: best train_pf_eff=0.150, forward_pf_eff=0.250, trades=12/4
[2025-10-17 08:11:21] [141/262] 6330.T: best train_pf_eff=0.000, forward_pf_eff=0.000, trades=0/5
[2025-10-17 08:11:31] [142/262] 6361.T: best train_pf_eff=0.538, forward_pf_eff=0.250, trades=20/10
[2025-10-17 08:11:42] [143/262] 6367.T: best train_pf_eff=0.369, forward_pf_eff=1.797, trades=17/5
[2025-10-17 08:11:47] [144/262] 6460.T: best train_pf_eff=0.000, forward_pf_eff=0.000, trades=10/0
[2025-10-17 08:11:52] [145/262] 6479.T: best train_pf_eff=0.000, forward_pf_eff=0.000, trades=0/0
[2025-10-17 08:12:02] [146/262] 6501.T: best train_pf_eff=1.198, forward_pf_eff=0.000, trades=9/4
[2025-10-17 08:12:12] [147/262] 6503.T: best train_pf_eff=0.170, forward_pf_eff=0.094, trades=27/9
[2025-10-17 08:12:23] [148/262] 6506.T: best train_pf_eff=1.124, forward_pf_eff=0.000, trades=20/5
[2025-10-17 08:12:35] [149/262] 6525.T: best train_pf_eff=0.107, forward_pf_eff=0.083, trades=32/10
[2025-10-17 08:12:45] [150/262] 6526.T: best train_pf_eff=0.250, forward_pf_eff=0.599, trades=21/7
[2025-10-17 08:12:53] [151/262] 6532.T: best train_pf_eff=0.000, forward_pf_eff=0.000, trades=19/6
[2025-10-17 08:13:03] [152/262] 6590.T: best train_pf_eff=1.686, forward_pf_eff=0.068, trades=13/12
[2025-10-17 08:13:12] [153/262] 6594.T: best train_pf_eff=0.636, forward_pf_eff=0.143, trades=18/8
[2025-10-17 08:13:22] [154/262] 6701.T: best train_pf_eff=0.150, forward_pf_eff=0.000, trades=22/4
[2025-10-17 08:13:31] [155/262] 6702.T: best train_pf_eff=0.321, forward_pf_eff=0.000, trades=17/5
[2025-10-17 08:13:43] [156/262] 6723.T: best train_pf_eff=0.288, forward_pf_eff=3.747, trades=18/6
[2025-10-17 08:13:53] [157/262] 6752.T: best train_pf_eff=0.937, forward_pf_eff=2.997, trades=9/5
[2025-10-17 08:14:03] [158/262] 6758.T: best train_pf_eff=0.599, forward_pf_eff=0.187, trades=28/9
[2025-10-17 08:14:12] [159/262] 6762.T: best train_pf_eff=0.400, forward_pf_eff=4.995, trades=14/6
[2025-10-17 08:14:20] [160/262] 6814.T: best train_pf_eff=1.498, forward_pf_eff=0.375, trades=2/5
[2025-10-17 08:14:29] [161/262] 6857.T: best train_pf_eff=0.749, forward_pf_eff=0.250, trades=21/7
[2025-10-17 08:14:40] [162/262] 6861.T: best train_pf_eff=0.927, forward_pf_eff=0.499, trades=34/4
[2025-10-17 08:14:46] [163/262] 6869.T: best train_pf_eff=0.000, forward_pf_eff=0.000, trades=4/2
[2025-10-17 08:14:56] [164/262] 6871.T: best train_pf_eff=0.100, forward_pf_eff=0.250, trades=16/7
[2025-10-17 08:15:06] [165/262] 6902.T: best train_pf_eff=0.115, forward_pf_eff=0.250, trades=14/7
[2025-10-17 08:15:17] [166/262] 6920.T: best train_pf_eff=0.204, forward_pf_eff=0.499, trades=25/12
[2025-10-17 08:15:29] [167/262] 6954.T: best train_pf_eff=0.499, forward_pf_eff=0.499, trades=24/4
[2025-10-17 08:15:39] [168/262] 6963.T: best train_pf_eff=0.204, forward_pf_eff=0.375, trades=25/5
[2025-10-17 08:15:46] [169/262] 6965.T: best train_pf_eff=3.595, forward_pf_eff=999.000, trades=8/2
[2025-10-17 08:15:54] [170/262] 6971.T: best train_pf_eff=0.136, forward_pf_eff=0.000, trades=13/3
[2025-10-17 08:16:05] [171/262] 6976.T: best train_pf_eff=0.588, forward_pf_eff=0.200, trades=27/6
[2025-10-17 08:16:15] [172/262] 6981.T: best train_pf_eff=0.856, forward_pf_eff=2.247, trades=11/5
[2025-10-17 08:16:24] [173/262] 6988.T: best train_pf_eff=0.285, forward_pf_eff=0.333, trades=9/8
[2025-10-17 08:16:35] [174/262] 7003.T: best train_pf_eff=0.749, forward_pf_eff=1.124, trades=4/5
[2025-10-17 08:16:45] [175/262] 7011.T: best train_pf_eff=0.999, forward_pf_eff=5.992, trades=5/5
[2025-10-17 08:16:55] [176/262] 7012.T: best train_pf_eff=0.400, forward_pf_eff=2.997, trades=15/6
[2025-10-17 08:17:04] [177/262] 7013.T: best train_pf_eff=0.416, forward_pf_eff=3.747, trades=14/6
[2025-10-17 08:17:08] [178/262] 7167.T: best train_pf_eff=0.999, forward_pf_eff=0.999, trades=2/2
[2025-10-17 08:17:18] [179/262] 7182.T: best train_pf_eff=0.337, forward_pf_eff=0.281, trades=29/11
[2025-10-17 08:17:23] [180/262] 7186.T: best train_pf_eff=999.000, forward_pf_eff=0.000, trades=1/0
[2025-10-17 08:17:34] [181/262] 7201.T: best train_pf_eff=0.050, forward_pf_eff=0.150, trades=31/11
[2025-10-17 08:17:40] [182/262] 7202.T: best train_pf_eff=0.000, forward_pf_eff=0.000, trades=6/1
[2025-10-17 08:17:52] [183/262] 7203.T: best train_pf_eff=0.107, forward_pf_eff=0.000, trades=16/7
[2025-10-17 08:17:55] [184/262] 7211.T: best train_pf_eff=0.000, forward_pf_eff=0.000, trades=4/0
[2025-10-17 08:18:05] [185/262] 7261.T: best train_pf_eff=0.300, forward_pf_eff=0.000, trades=6/4
[2025-10-17 08:18:15] [186/262] 7267.T: best train_pf_eff=0.610, forward_pf_eff=0.428, trades=29/10
[2025-10-17 08:18:24] [187/262] 7269.T: best train_pf_eff=0.000, forward_pf_eff=0.479, trades=17/7
[2025-10-17 08:18:33] [188/262] 7270.T: best train_pf_eff=0.141, forward_pf_eff=0.160, trades=20/6
[2025-10-17 08:18:42] [189/262] 7272.T: best train_pf_eff=0.333, forward_pf_eff=0.000, trades=8/7
[2025-10-17 08:18:52] [190/262] 7453.T: best train_pf_eff=0.749, forward_pf_eff=1.498, trades=12/6
[2025-10-17 08:19:00] [191/262] 7532.T: best train_pf_eff=0.899, forward_pf_eff=0.499, trades=16/4
[2025-10-17 08:19:10] [192/262] 7711.T: best train_pf_eff=0.642, forward_pf_eff=0.300, trades=10/6
[2025-10-17 08:19:14] [193/262] 7731.T: best train_pf_eff=0.000, forward_pf_eff=0.000, trades=0/2
[2025-10-17 08:19:18] [194/262] 7733.T: best train_pf_eff=999.000, forward_pf_eff=0.000, trades=5/0
[2025-10-17 08:19:28] [195/262] 7735.T: best train_pf_eff=0.136, forward_pf_eff=0.100, trades=25/11
[2025-10-17 08:19:39] [196/262] 7741.T: best train_pf_eff=0.437, forward_pf_eff=1.498, trades=23/5
[2025-10-17 08:19:49] [197/262] 7751.T: best train_pf_eff=1.383, forward_pf_eff=0.599, trades=25/7
[2025-10-17 08:19:58] [198/262] 7832.T: best train_pf_eff=0.400, forward_pf_eff=0.000, trades=14/3
[2025-10-17 08:20:03] [199/262] 7911.T: best train_pf_eff=0.000, forward_pf_eff=0.000, trades=6/0
[2025-10-17 08:20:06] [200/262] 7912.T: best train_pf_eff=1.498, forward_pf_eff=0.000, trades=2/0
[2025-10-17 08:20:15] [201/262] 7936.T: best train_pf_eff=0.264, forward_pf_eff=1.498, trades=20/6
[2025-10-17 08:20:25] [202/262] 7974.T: best train_pf_eff=0.468, forward_pf_eff=0.666, trades=21/13
[2025-10-17 08:20:34] [203/262] 8001.T: best train_pf_eff=1.030, forward_pf_eff=0.499, trades=27/4
[2025-10-17 08:20:44] [204/262] 8002.T: best train_pf_eff=0.034, forward_pf_eff=1.124, trades=23/5
[2025-10-17 08:20:52] [205/262] 8015.T: best train_pf_eff=0.999, forward_pf_eff=0.000, trades=4/5
[2025-10-17 08:21:02] [206/262] 8031.T: best train_pf_eff=0.999, forward_pf_eff=0.499, trades=25/12
[2025-10-17 08:21:12] [207/262] 8035.T: best train_pf_eff=0.409, forward_pf_eff=0.000, trades=14/5
[2025-10-17 08:21:22] [208/262] 8053.T: best train_pf_eff=0.352, forward_pf_eff=0.000, trades=21/5
[2025-10-17 08:21:32] [209/262] 8058.T: best train_pf_eff=0.499, forward_pf_eff=0.499, trades=21/6
[2025-10-17 08:21:39] [210/262] 8105.T: best train_pf_eff=1.498, forward_pf_eff=0.000, trades=4/1
[2025-10-17 08:21:46] [211/262] 8113.T: best train_pf_eff=0.999, forward_pf_eff=999.000, trades=10/2
[2025-10-17 08:21:58] [212/262] 8136.T: best train_pf_eff=0.187, forward_pf_eff=10.486, trades=18/8
[2025-10-17 08:22:04] [213/262] 8233.T: best train_pf_eff=0.749, forward_pf_eff=0.000, trades=12/1
[2025-10-17 08:22:15] [214/262] 8267.T: best train_pf_eff=0.352, forward_pf_eff=0.000, trades=21/8
[2025-10-17 08:22:24] [215/262] 8306.T: best train_pf_eff=0.315, forward_pf_eff=0.250, trades=23/7
[2025-10-17 08:22:33] [216/262] 8308.T: best train_pf_eff=0.500, forward_pf_eff=3.747, trades=5/6
[2025-10-17 08:22:43] [217/262] 8309.T: best train_pf_eff=0.088, forward_pf_eff=0.000, trades=19/5
[2025-10-17 08:22:53] [218/262] 8316.T: best train_pf_eff=0.562, forward_pf_eff=2.247, trades=11/5
[2025-10-17 08:23:00] [219/262] 8331.T: best train_pf_eff=1.499, forward_pf_eff=1.124, trades=3/5
[2025-10-17 08:23:10] [220/262] 8411.T: best train_pf_eff=0.321, forward_pf_eff=1.498, trades=17/6
[2025-10-17 08:23:20] [221/262] 8473.T: best train_pf_eff=0.176, forward_pf_eff=0.150, trades=19/11
[2025-10-17 08:23:31] [222/262] 8591.T: best train_pf_eff=0.353, forward_pf_eff=0.000, trades=23/5
[2025-10-17 08:23:40] [223/262] 8601.T: best train_pf_eff=0.250, forward_pf_eff=0.000, trades=7/5
[2025-10-17 08:23:50] [224/262] 8604.T: best train_pf_eff=0.285, forward_pf_eff=0.749, trades=25/6
[2025-10-17 08:24:02] [225/262] 8630.T: best train_pf_eff=0.710, forward_pf_eff=1.199, trades=17/5
[2025-10-17 08:24:13] [226/262] 8697.T: best train_pf_eff=0.642, forward_pf_eff=0.499, trades=10/4
[2025-10-17 08:24:23] [227/262] 8725.T: best train_pf_eff=0.352, forward_pf_eff=0.599, trades=22/3
[2025-10-17 08:24:34] [228/262] 8729.T: best train_pf_eff=0.562, forward_pf_eff=1.498, trades=11/6
[2025-10-17 08:24:47] [229/262] 8750.T: best train_pf_eff=0.749, forward_pf_eff=7.490, trades=15/6
[2025-10-17 08:25:04] [230/262] 8766.T: best train_pf_eff=0.705, forward_pf_eff=0.499, trades=25/8
[2025-10-17 08:25:13] [231/262] 8795.T: best train_pf_eff=0.000, forward_pf_eff=0.000, trades=7/2
[2025-10-17 08:25:25] [232/262] 8801.T: best train_pf_eff=0.282, forward_pf_eff=0.171, trades=21/8
[2025-10-17 08:25:37] [233/262] 8802.T: best train_pf_eff=0.346, forward_pf_eff=0.999, trades=16/5
[2025-10-17 08:25:51] [234/262] 8830.T: best train_pf_eff=0.200, forward_pf_eff=0.499, trades=12/6
[2025-10-17 08:26:02] [235/262] 9020.T: best train_pf_eff=0.300, forward_pf_eff=0.000, trades=15/0
[2025-10-17 08:26:09] [236/262] 9021.T: best train_pf_eff=0.000, forward_pf_eff=0.000, trades=5/4
[2025-10-17 08:26:22] [237/262] 9022.T: best train_pf_eff=0.609, forward_pf_eff=1.124, trades=29/5
[2025-10-17 08:26:28] [238/262] 9023.T: best train_pf_eff=0.000, forward_pf_eff=0.000, trades=4/3
[2025-10-17 08:26:40] [239/262] 9024.T: best train_pf_eff=1.665, forward_pf_eff=5.994, trades=8/7
[2025-10-17 08:26:53] [240/262] 9101.T: best train_pf_eff=0.300, forward_pf_eff=0.171, trades=18/9
[2025-10-17 08:27:11] [241/262] 9104.T: best train_pf_eff=0.434, forward_pf_eff=0.143, trades=33/8
[2025-10-17 08:27:27] [242/262] 9107.T: best train_pf_eff=0.178, forward_pf_eff=0.075, trades=26/11
[2025-10-17 08:27:32] [243/262] 9143.T: best train_pf_eff=0.000, forward_pf_eff=0.000, trades=0/4
[2025-10-17 08:27:44] [244/262] 9201.T: best train_pf_eff=2.996, forward_pf_eff=0.000, trades=9/5
[2025-10-17 08:27:50] [245/262] 9202.T: best train_pf_eff=1.598, forward_pf_eff=0.000, trades=6/1
[2025-10-17 08:28:01] [246/262] 9432.T: best train_pf_eff=0.437, forward_pf_eff=4.995, trades=23/6
[2025-10-17 08:28:12] [247/262] 9433.T: best train_pf_eff=0.428, forward_pf_eff=3.996, trades=20/5
[2025-10-17 08:28:25] [248/262] 9434.T: best train_pf_eff=0.000, forward_pf_eff=0.000, trades=21/6
[2025-10-17 08:28:37] [249/262] 9501.T: best train_pf_eff=0.763, forward_pf_eff=0.150, trades=18/9
[2025-10-17 08:28:45] [250/262] 9502.T: best train_pf_eff=2.997, forward_pf_eff=0.333, trades=4/4
[2025-10-17 08:28:58] [251/262] 9503.T: best train_pf_eff=0.111, forward_pf_eff=0.111, trades=10/10
[2025-10-17 08:29:01] [252/262] 9504.T: best train_pf_eff=0.000, forward_pf_eff=0.000, trades=2/0
[2025-10-17 08:29:13] [253/262] 9509.T: best train_pf_eff=0.300, forward_pf_eff=1.198, trades=5/6
[2025-10-17 08:29:15] [254/262] 9513.T: best train_pf_eff=0.000, forward_pf_eff=0.000, trades=0/1
[2025-10-17 08:29:24] [255/262] 9602.T: best train_pf_eff=999.000, forward_pf_eff=999.000, trades=2/5
[2025-10-17 08:29:32] [256/262] 9697.T: best train_pf_eff=0.642, forward_pf_eff=0.375, trades=10/5
[2025-10-17 08:29:40] [257/262] 9831.T: best train_pf_eff=0.000, forward_pf_eff=0.000, trades=6/1
[2025-10-17 08:29:52] [258/262] 9843.T: best train_pf_eff=0.799, forward_pf_eff=3.996, trades=9/5
[2025-10-17 08:29:58] [259/262] 9861.T: best train_pf_eff=0.000, forward_pf_eff=0.000, trades=4/0
[2025-10-17 08:30:01] [260/262] 9962.T: best train_pf_eff=0.799, forward_pf_eff=0.000, trades=2/0
[2025-10-17 08:30:13] [261/262] 9983.T: best train_pf_eff=0.262, forward_pf_eff=3.747, trades=27/6
[2025-10-17 08:30:25] [262/262] 9984.T: best train_pf_eff=0.266, forward_pf_eff=0.123, trades=24/15
[2025-10-17 08:30:26] Excel summary written to output\bt30\RUN_coarse_AM_20251017_075149\summary_20251017_083025.xlsx
[2025-10-17 08:30:26] Run completed in 38.6 minutes
