[2025-10-17 07:14:17] Run started
[2025-10-17 07:14:17] Fetching Yahoo Finance 1m bars for 300 tickers (lookback=60, chunk=5)
[2025-10-17 07:15:55] Session filter kept 69029 / 1824752 rows
[2025-10-17 07:15:55] Liquidity filter quantile=0.50 kept 262 tickers
[2025-10-17 07:15:55] Using 2 rolling slices (train=12, forward=4)
[2025-10-17 07:15:55] Parameter grid size: 96 (mode=coarse)
[2025-10-17 07:15:56] [1/262] 1321.T: best train_pf_eff=0.749, forward_pf_eff=0.000, trades=15/4
[2025-10-17 07:15:57] [2/262] 1357.T: best train_pf_eff=999.000, forward_pf_eff=0.599, trades=5/2
[2025-10-17 07:15:58] [3/262] 1360.T: best train_pf_eff=0.599, forward_pf_eff=0.187, trades=9/5
[2025-10-17 07:16:00] [4/262] 1458.T: best train_pf_eff=0.300, forward_pf_eff=0.499, trades=6/4
[2025-10-17 07:16:01] [5/262] 1540.T: best train_pf_eff=0.666, forward_pf_eff=5.992, trades=13/5
[2025-10-17 07:16:01] [6/262] 1541.T: best train_pf_eff=1.498, forward_pf_eff=0.000, trades=4/0
[2025-10-17 07:16:02] [7/262] 1542.T: best train_pf_eff=999.000, forward_pf_eff=0.000, trades=1/2
[2025-10-17 07:16:04] [8/262] 1570.T: best train_pf_eff=0.300, forward_pf_eff=0.000, trades=14/4
[2025-10-17 07:16:05] [9/262] 1579.T: best train_pf_eff=0.461, forward_pf_eff=0.300, trades=17/6
[2025-10-17 07:16:06] [10/262] 1605.T: best train_pf_eff=0.000, forward_pf_eff=0.300, trades=16/5
[2025-10-17 07:16:07] [11/262] 1802.T: best train_pf_eff=999.000, forward_pf_eff=0.000, trades=1/1
[2025-10-17 07:16:07] [12/262] 1803.T: best train_pf_eff=0.000, forward_pf_eff=0.000, trades=1/0
[2025-10-17 07:16:08] [13/262] 1812.T: best train_pf_eff=0.499, forward_pf_eff=0.000, trades=4/0
[2025-10-17 07:16:10] [14/262] 186A.T: best train_pf_eff=0.375, forward_pf_eff=0.500, trades=9/5
[2025-10-17 07:16:10] [15/262] 1911.T: best train_pf_eff=0.000, forward_pf_eff=0.000, trades=7/0
[2025-10-17 07:16:11] [16/262] 1925.T: best train_pf_eff=0.000, forward_pf_eff=0.000, trades=3/4
[2025-10-17 07:16:12] [17/262] 1928.T: best train_pf_eff=0.150, forward_pf_eff=0.000, trades=6/2
[2025-10-17 07:16:14] [18/262] 1942.T: best train_pf_eff=0.171, forward_pf_eff=0.000, trades=8/7
[2025-10-17 07:16:15] [19/262] 2036.T: best train_pf_eff=0.200, forward_pf_eff=2.996, trades=17/3
[2025-10-17 07:16:16] [20/262] 215A.T: best train_pf_eff=1.124, forward_pf_eff=4.494, trades=14/8
[2025-10-17 07:16:17] [21/262] 2160.T: best train_pf_eff=0.000, forward_pf_eff=0.000, trades=8/2
[2025-10-17 07:16:18] [22/262] 218A.T: best train_pf_eff=0.000, forward_pf_eff=0.000, trades=8/1
[2025-10-17 07:16:19] [23/262] 219A.T: best train_pf_eff=0.187, forward_pf_eff=0.000, trades=18/6
[2025-10-17 07:16:20] [24/262] 2267.T: best train_pf_eff=0.000, forward_pf_eff=0.000, trades=12/0
[2025-10-17 07:16:21] [25/262] 2269.T: best train_pf_eff=0.000, forward_pf_eff=0.000, trades=2/2
[2025-10-17 07:16:21] [26/262] 2334.T: best train_pf_eff=2.996, forward_pf_eff=0.000, trades=3/3
[2025-10-17 07:16:23] [27/262] 2413.T: best train_pf_eff=0.999, forward_pf_eff=0.599, trades=10/7
[2025-10-17 07:16:24] [28/262] 2432.T: best train_pf_eff=0.399, forward_pf_eff=0.240, trades=12/6
[2025-10-17 07:16:25] [29/262] 247A.T: best train_pf_eff=11.982, forward_pf_eff=0.799, trades=11/5
[2025-10-17 07:16:27] [30/262] 2502.T: best train_pf_eff=0.300, forward_pf_eff=0.499, trades=12/8
[2025-10-17 07:16:27] [31/262] 2503.T: best train_pf_eff=0.000, forward_pf_eff=0.000, trades=1/1
[2025-10-17 07:16:28] [32/262] 2670.T: best train_pf_eff=0.000, forward_pf_eff=0.000, trades=0/0
[2025-10-17 07:16:29] [33/262] 2726.T: best train_pf_eff=999.000, forward_pf_eff=2.396, trades=2/3
[2025-10-17 07:16:30] [34/262] 2768.T: best train_pf_eff=2.996, forward_pf_eff=0.000, trades=3/0
[2025-10-17 07:16:30] [35/262] 2801.T: best train_pf_eff=0.000, forward_pf_eff=0.000, trades=3/2
[2025-10-17 07:16:32] [36/262] 2802.T: best train_pf_eff=0.999, forward_pf_eff=0.749, trades=10/6
[2025-10-17 07:16:33] [37/262] 285A.T: best train_pf_eff=2.996, forward_pf_eff=0.499, trades=3/4
[2025-10-17 07:16:34] [38/262] 2897.T: best train_pf_eff=0.000, forward_pf_eff=0.000, trades=14/0
[2025-10-17 07:16:34] [39/262] 290A.T: best train_pf_eff=1.498, forward_pf_eff=0.000, trades=2/1
[2025-10-17 07:16:36] [40/262] 2914.T: best train_pf_eff=0.180, forward_pf_eff=0.500, trades=31/10
[2025-10-17 07:16:37] [41/262] 3038.T: best train_pf_eff=3.745, forward_pf_eff=0.000, trades=7/1
[2025-10-17 07:16:38] [42/262] 3064.T: best train_pf_eff=0.187, forward_pf_eff=0.000, trades=9/6
[2025-10-17 07:16:39] [43/262] 3086.T: best train_pf_eff=1.498, forward_pf_eff=0.000, trades=4/0
[2025-10-17 07:16:40] [44/262] 3088.T: best train_pf_eff=0.749, forward_pf_eff=0.375, trades=4/3
[2025-10-17 07:16:40] [45/262] 3092.T: best train_pf_eff=0.000, forward_pf_eff=0.000, trades=0/4
[2025-10-17 07:16:41] [46/262] 3099.T: best train_pf_eff=2.247, forward_pf_eff=4.494, trades=5/4
[2025-10-17 07:16:42] [47/262] 314A.T: best train_pf_eff=0.000, forward_pf_eff=0.000, trades=2/4
[2025-10-17 07:16:42] [48/262] 3231.T: best train_pf_eff=999.000, forward_pf_eff=0.000, trades=1/0
[2025-10-17 07:16:43] [49/262] 3289.T: best train_pf_eff=0.300, forward_pf_eff=0.000, trades=6/4
[2025-10-17 07:16:44] [50/262] 3349.T: best train_pf_eff=0.000, forward_pf_eff=0.000, trades=2/0
[2025-10-17 07:16:45] [51/262] 3350.T: best train_pf_eff=0.545, forward_pf_eff=0.000, trades=15/5
[2025-10-17 07:16:47] [52/262] 3382.T: best train_pf_eff=0.075, forward_pf_eff=0.000, trades=21/8
[2025-10-17 07:16:47] [53/262] 3402.T: best train_pf_eff=0.000, forward_pf_eff=0.000, trades=2/0
[2025-10-17 07:16:48] [54/262] 3405.T: best train_pf_eff=0.000, forward_pf_eff=1.198, trades=4/2
[2025-10-17 07:16:49] [55/262] 3407.T: best train_pf_eff=0.000, forward_pf_eff=0.000, trades=0/1
[2025-10-17 07:16:50] [56/262] 3436.T: best train_pf_eff=0.200, forward_pf_eff=0.499, trades=17/8
[2025-10-17 07:16:51] [57/262] 3563.T: best train_pf_eff=0.375, forward_pf_eff=0.499, trades=20/8
[2025-10-17 07:16:52] [58/262] 3635.T: best train_pf_eff=0.000, forward_pf_eff=1.198, trades=2/2
[2025-10-17 07:16:53] [59/262] 3647.T: best train_pf_eff=0.000, forward_pf_eff=0.000, trades=0/0
[2025-10-17 07:16:53] [60/262] 3687.T: best train_pf_eff=1.498, forward_pf_eff=1.498, trades=2/2
[2025-10-17 07:16:54] [61/262] 3692.T: best train_pf_eff=0.428, forward_pf_eff=0.300, trades=12/6
[2025-10-17 07:16:56] [62/262] 3697.T: best train_pf_eff=0.000, forward_pf_eff=0.240, trades=6/6
[2025-10-17 07:16:56] [63/262] 3861.T: best train_pf_eff=0.000, forward_pf_eff=0.000, trades=7/0
[2025-10-17 07:16:57] [64/262] 3905.T: best train_pf_eff=0.333, forward_pf_eff=1.499, trades=13/3
[2025-10-17 07:16:59] [65/262] 4004.T: best train_pf_eff=0.545, forward_pf_eff=0.749, trades=15/9
[2025-10-17 07:17:00] [66/262] 4005.T: best train_pf_eff=0.250, forward_pf_eff=0.000, trades=8/1
[2025-10-17 07:17:01] [67/262] 402A.T: best train_pf_eff=0.499, forward_pf_eff=0.999, trades=8/5
[2025-10-17 07:17:01] [68/262] 4042.T: best train_pf_eff=0.000, forward_pf_eff=0.599, trades=0/3
[2025-10-17 07:17:02] [69/262] 4043.T: best train_pf_eff=0.000, forward_pf_eff=0.000, trades=2/0
[2025-10-17 07:17:03] [70/262] 4062.T: best train_pf_eff=0.214, forward_pf_eff=0.000, trades=16/6
[2025-10-17 07:17:04] [71/262] 4063.T: best train_pf_eff=0.375, forward_pf_eff=0.187, trades=24/5
[2025-10-17 07:17:05] [72/262] 4088.T: best train_pf_eff=0.000, forward_pf_eff=999.000, trades=0/3
[2025-10-17 07:17:05] [73/262] 4182.T: best train_pf_eff=0.000, forward_pf_eff=0.000, trades=1/3
[2025-10-17 07:17:06] [74/262] 4188.T: best train_pf_eff=0.000, forward_pf_eff=0.000, trades=4/1
[2025-10-17 07:17:07] [75/262] 4204.T: best train_pf_eff=0.749, forward_pf_eff=0.749, trades=4/2
[2025-10-17 07:17:07] [76/262] 423A.T: best train_pf_eff=0.000, forward_pf_eff=999.000, trades=0/1
[2025-10-17 07:17:09] [77/262] 4307.T: best train_pf_eff=0.187, forward_pf_eff=0.000, trades=10/5
[2025-10-17 07:17:10] [78/262] 4385.T: best train_pf_eff=0.150, forward_pf_eff=0.499, trades=11/4
[2025-10-17 07:17:10] [79/262] 4446.T: best train_pf_eff=0.499, forward_pf_eff=0.499, trades=4/4
[2025-10-17 07:17:12] [80/262] 4452.T: best train_pf_eff=1.499, forward_pf_eff=0.000, trades=3/2
[2025-10-17 07:17:13] [81/262] 4502.T: best train_pf_eff=0.599, forward_pf_eff=0.321, trades=18/10
[2025-10-17 07:17:14] [82/262] 4503.T: best train_pf_eff=0.409, forward_pf_eff=2.248, trades=17/4
[2025-10-17 07:17:16] [83/262] 4506.T: best train_pf_eff=0.999, forward_pf_eff=0.300, trades=5/6
[2025-10-17 07:17:16] [84/262] 4507.T: best train_pf_eff=1.498, forward_pf_eff=1.498, trades=4/2
[2025-10-17 07:17:18] [85/262] 4519.T: best train_pf_eff=0.285, forward_pf_eff=0.599, trades=25/7
[2025-10-17 07:17:19] [86/262] 4523.T: best train_pf_eff=1.498, forward_pf_eff=2.996, trades=8/6
[2025-10-17 07:17:19] [87/262] 4528.T: best train_pf_eff=0.000, forward_pf_eff=0.000, trades=0/0
[2025-10-17 07:17:21] [88/262] 4543.T: best train_pf_eff=0.749, forward_pf_eff=0.749, trades=16/2
[2025-10-17 07:17:22] [89/262] 4568.T: best train_pf_eff=0.409, forward_pf_eff=0.499, trades=14/4
[2025-10-17 07:17:23] [90/262] 4571.T: best train_pf_eff=0.000, forward_pf_eff=0.000, trades=3/5
[2025-10-17 07:17:24] [91/262] 4578.T: best train_pf_eff=1.198, forward_pf_eff=999.000, trades=4/2
[2025-10-17 07:17:24] [92/262] 4588.T: best train_pf_eff=0.000, forward_pf_eff=0.000, trades=0/0
[2025-10-17 07:17:25] [93/262] 4592.T: best train_pf_eff=0.352, forward_pf_eff=0.499, trades=21/8
[2025-10-17 07:17:26] [94/262] 4612.T: best train_pf_eff=0.000, forward_pf_eff=0.000, trades=0/0
[2025-10-17 07:17:27] [95/262] 4661.T: best train_pf_eff=0.225, forward_pf_eff=0.000, trades=13/5
[2025-10-17 07:17:28] [96/262] 4680.T: best train_pf_eff=0.400, forward_pf_eff=0.000, trades=5/1
[2025-10-17 07:17:29] [97/262] 4689.T: best train_pf_eff=0.749, forward_pf_eff=0.000, trades=9/2
[2025-10-17 07:17:30] [98/262] 4704.T: best train_pf_eff=1.498, forward_pf_eff=0.000, trades=4/4
[2025-10-17 07:17:30] [99/262] 4732.T: best train_pf_eff=999.000, forward_pf_eff=0.000, trades=1/0
[2025-10-17 07:17:32] [100/262] 4751.T: best train_pf_eff=0.000, forward_pf_eff=0.000, trades=2/2
[2025-10-17 07:17:33] [101/262] 4755.T: best train_pf_eff=0.214, forward_pf_eff=0.300, trades=18/7
[2025-10-17 07:17:34] [102/262] 4814.T: best train_pf_eff=0.000, forward_pf_eff=0.000, trades=0/0
[2025-10-17 07:17:34] [103/262] 4889.T: best train_pf_eff=0.000, forward_pf_eff=0.000, trades=0/0
[2025-10-17 07:17:36] [104/262] 4901.T: best train_pf_eff=0.173, forward_pf_eff=0.000, trades=16/4
[2025-10-17 07:17:37] [105/262] 4911.T: best train_pf_eff=0.187, forward_pf_eff=0.000, trades=9/4
[2025-10-17 07:17:38] [106/262] 5016.T: best train_pf_eff=1.798, forward_pf_eff=0.899, trades=11/8
[2025-10-17 07:17:39] [107/262] 5019.T: best train_pf_eff=1.498, forward_pf_eff=0.000, trades=2/0
[2025-10-17 07:17:40] [108/262] 5020.T: best train_pf_eff=0.719, forward_pf_eff=1.198, trades=8/2
[2025-10-17 07:17:41] [109/262] 5076.T: best train_pf_eff=0.000, forward_pf_eff=0.000, trades=4/4
[2025-10-17 07:17:42] [110/262] 5105.T: best train_pf_eff=999.000, forward_pf_eff=1.198, trades=1/2
[2025-10-17 07:17:44] [111/262] 5108.T: best train_pf_eff=0.222, forward_pf_eff=0.342, trades=32/9
[2025-10-17 07:17:44] [112/262] 5246.T: best train_pf_eff=0.000, forward_pf_eff=0.000, trades=0/0
[2025-10-17 07:17:45] [113/262] 5253.T: best train_pf_eff=999.000, forward_pf_eff=999.000, trades=1/1
[2025-10-17 07:17:46] [114/262] 5401.T: best train_pf_eff=0.321, forward_pf_eff=0.125, trades=10/7
[2025-10-17 07:17:47] [115/262] 5406.T: best train_pf_eff=0.000, forward_pf_eff=0.000, trades=2/3
[2025-10-17 07:17:48] [116/262] 5411.T: best train_pf_eff=0.171, forward_pf_eff=1.199, trades=9/3
[2025-10-17 07:17:49] [117/262] 5595.T: best train_pf_eff=0.000, forward_pf_eff=0.399, trades=7/4
[2025-10-17 07:17:51] [118/262] 5631.T: best train_pf_eff=0.200, forward_pf_eff=0.214, trades=19/9
[2025-10-17 07:17:52] [119/262] 5706.T: best train_pf_eff=0.749, forward_pf_eff=1.124, trades=21/7
[2025-10-17 07:17:53] [120/262] 5711.T: best train_pf_eff=0.749, forward_pf_eff=0.000, trades=3/5
[2025-10-17 07:17:55] [121/262] 5713.T: best train_pf_eff=0.136, forward_pf_eff=0.375, trades=12/10
[2025-10-17 07:17:55] [122/262] 5724.T: best train_pf_eff=0.000, forward_pf_eff=0.000, trades=0/0
[2025-10-17 07:17:56] [123/262] 5726.T: best train_pf_eff=0.272, forward_pf_eff=0.000, trades=13/4
[2025-10-17 07:17:57] [124/262] 5801.T: best train_pf_eff=0.428, forward_pf_eff=4.494, trades=9/4
[2025-10-17 07:17:59] [125/262] 5802.T: best train_pf_eff=0.300, forward_pf_eff=0.999, trades=18/5
[2025-10-17 07:18:00] [126/262] 5803.T: best train_pf_eff=0.272, forward_pf_eff=1.198, trades=13/9
[2025-10-17 07:18:01] [127/262] 5838.T: best train_pf_eff=0.300, forward_pf_eff=0.000, trades=12/7
[2025-10-17 07:18:02] [128/262] 5991.T: best train_pf_eff=0.000, forward_pf_eff=0.000, trades=0/1
[2025-10-17 07:18:03] [129/262] 6098.T: best train_pf_eff=0.281, forward_pf_eff=0.000, trades=11/4
[2025-10-17 07:18:04] [130/262] 6141.T: best train_pf_eff=0.000, forward_pf_eff=0.000, trades=2/0
[2025-10-17 07:18:05] [131/262] 6146.T: best train_pf_eff=0.655, forward_pf_eff=0.150, trades=23/11
[2025-10-17 07:18:06] [132/262] 6177.T: best train_pf_eff=0.000, forward_pf_eff=0.000, trades=4/1
[2025-10-17 07:18:07] [133/262] 6178.T: best train_pf_eff=0.200, forward_pf_eff=0.000, trades=17/4
[2025-10-17 07:18:08] [134/262] 6232.T: best train_pf_eff=1.498, forward_pf_eff=1.498, trades=2/2
[2025-10-17 07:18:09] [135/262] 6268.T: best train_pf_eff=0.000, forward_pf_eff=0.000, trades=0/0
[2025-10-17 07:18:10] [136/262] 6301.T: best train_pf_eff=1.332, forward_pf_eff=2.996, trades=17/3
[2025-10-17 07:18:11] [137/262] 6315.T: best train_pf_eff=0.315, forward_pf_eff=0.000, trades=24/6
[2025-10-17 07:18:13] [138/262] 6323.T: best train_pf_eff=1.648, forward_pf_eff=0.937, trades=16/9
[2025-10-17 07:18:13] [139/262] 6324.T: best train_pf_eff=0.000, forward_pf_eff=1.198, trades=1/2
[2025-10-17 07:18:15] [140/262] 6326.T: best train_pf_eff=0.300, forward_pf_eff=0.375, trades=7/3
[2025-10-17 07:18:15] [141/262] 6330.T: best train_pf_eff=0.000, forward_pf_eff=0.000, trades=0/3
[2025-10-17 07:18:16] [142/262] 6361.T: best train_pf_eff=0.749, forward_pf_eff=0.214, trades=15/8
[2025-10-17 07:18:18] [143/262] 6367.T: best train_pf_eff=0.285, forward_pf_eff=0.250, trades=25/7
[2025-10-17 07:18:18] [144/262] 6460.T: best train_pf_eff=0.000, forward_pf_eff=0.000, trades=10/0
[2025-10-17 07:18:19] [145/262] 6479.T: best train_pf_eff=0.000, forward_pf_eff=0.000, trades=0/0
[2025-10-17 07:18:20] [146/262] 6501.T: best train_pf_eff=4.494, forward_pf_eff=0.000, trades=4/3
[2025-10-17 07:18:21] [147/262] 6503.T: best train_pf_eff=0.079, forward_pf_eff=0.000, trades=21/6
[2025-10-17 07:18:22] [148/262] 6506.T: best train_pf_eff=1.311, forward_pf_eff=0.000, trades=11/3
[2025-10-17 07:18:24] [149/262] 6525.T: best train_pf_eff=0.130, forward_pf_eff=0.094, trades=27/9
[2025-10-17 07:18:25] [150/262] 6526.T: best train_pf_eff=0.166, forward_pf_eff=0.375, trades=10/5
[2025-10-17 07:18:27] [151/262] 6532.T: best train_pf_eff=0.214, forward_pf_eff=0.000, trades=9/5
[2025-10-17 07:18:28] [152/262] 6590.T: best train_pf_eff=1.873, forward_pf_eff=0.166, trades=9/10
[2025-10-17 07:18:29] [153/262] 6594.T: best train_pf_eff=0.300, forward_pf_eff=0.000, trades=14/5
[2025-10-17 07:18:30] [154/262] 6701.T: best train_pf_eff=0.250, forward_pf_eff=0.000, trades=14/2
[2025-10-17 07:18:32] [155/262] 6702.T: best train_pf_eff=0.000, forward_pf_eff=0.000, trades=6/4
[2025-10-17 07:18:33] [156/262] 6723.T: best train_pf_eff=0.268, forward_pf_eff=1.249, trades=19/8
[2025-10-17 07:18:34] [157/262] 6752.T: best train_pf_eff=1.268, forward_pf_eff=0.375, trades=24/5
[2025-10-17 07:18:36] [158/262] 6758.T: best train_pf_eff=0.499, forward_pf_eff=0.300, trades=16/6
[2025-10-17 07:18:37] [159/262] 6762.T: best train_pf_eff=0.428, forward_pf_eff=2.997, trades=11/5
[2025-10-17 07:18:38] [160/262] 6814.T: best train_pf_eff=0.375, forward_pf_eff=0.000, trades=5/4
[2025-10-17 07:18:39] [161/262] 6857.T: best train_pf_eff=0.953, forward_pf_eff=0.300, trades=18/6
[2025-10-17 07:18:41] [162/262] 6861.T: best train_pf_eff=0.843, forward_pf_eff=0.499, trades=25/4
[2025-10-17 07:18:41] [163/262] 6869.T: best train_pf_eff=0.000, forward_pf_eff=0.000, trades=4/2
[2025-10-17 07:18:43] [164/262] 6871.T: best train_pf_eff=0.000, forward_pf_eff=0.000, trades=10/3
[2025-10-17 07:18:44] [165/262] 6902.T: best train_pf_eff=0.125, forward_pf_eff=0.300, trades=13/6
[2025-10-17 07:18:45] [166/262] 6920.T: best train_pf_eff=0.088, forward_pf_eff=0.000, trades=18/7
[2025-10-17 07:18:47] [167/262] 6954.T: best train_pf_eff=0.441, forward_pf_eff=0.749, trades=22/3
[2025-10-17 07:18:48] [168/262] 6963.T: best train_pf_eff=0.187, forward_pf_eff=0.000, trades=18/3
[2025-10-17 07:18:49] [169/262] 6965.T: best train_pf_eff=2.996, forward_pf_eff=0.000, trades=6/0
[2025-10-17 07:18:50] [170/262] 6971.T: best train_pf_eff=1.498, forward_pf_eff=0.000, trades=2/1
[2025-10-17 07:18:51] [171/262] 6976.T: best train_pf_eff=0.441, forward_pf_eff=0.375, trades=27/6
[2025-10-17 07:18:53] [172/262] 6981.T: best train_pf_eff=0.428, forward_pf_eff=0.749, trades=18/6
[2025-10-17 07:18:54] [173/262] 6988.T: best train_pf_eff=0.250, forward_pf_eff=0.375, trades=8/6
[2025-10-17 07:18:55] [174/262] 7003.T: best train_pf_eff=0.300, forward_pf_eff=0.250, trades=24/7
[2025-10-17 07:18:57] [175/262] 7011.T: best train_pf_eff=0.562, forward_pf_eff=1.498, trades=11/8
[2025-10-17 07:18:58] [176/262] 7012.T: best train_pf_eff=0.832, forward_pf_eff=0.214, trades=14/8
[2025-10-17 07:18:59] [177/262] 7013.T: best train_pf_eff=0.375, forward_pf_eff=1.498, trades=10/6
[2025-10-17 07:19:00] [178/262] 7167.T: best train_pf_eff=0.749, forward_pf_eff=0.749, trades=2/2
[2025-10-17 07:19:01] [179/262] 7182.T: best train_pf_eff=0.094, forward_pf_eff=0.375, trades=17/5
[2025-10-17 07:19:02] [180/262] 7186.T: best train_pf_eff=0.599, forward_pf_eff=0.000, trades=6/0
[2025-10-17 07:19:03] [181/262] 7201.T: best train_pf_eff=0.000, forward_pf_eff=0.200, trades=17/7
[2025-10-17 07:19:04] [182/262] 7202.T: best train_pf_eff=999.000, forward_pf_eff=0.000, trades=1/0
[2025-10-17 07:19:06] [183/262] 7203.T: best train_pf_eff=0.125, forward_pf_eff=0.000, trades=14/6
[2025-10-17 07:19:06] [184/262] 7211.T: best train_pf_eff=0.000, forward_pf_eff=0.000, trades=4/0
[2025-10-17 07:19:07] [185/262] 7261.T: best train_pf_eff=0.166, forward_pf_eff=0.000, trades=10/4
[2025-10-17 07:19:08] [186/262] 7267.T: best train_pf_eff=0.642, forward_pf_eff=0.499, trades=20/8
[2025-10-17 07:19:10] [187/262] 7269.T: best train_pf_eff=0.281, forward_pf_eff=0.375, trades=11/3
[2025-10-17 07:19:11] [188/262] 7270.T: best train_pf_eff=0.187, forward_pf_eff=0.375, trades=9/5
[2025-10-17 07:19:12] [189/262] 7272.T: best train_pf_eff=0.300, forward_pf_eff=0.000, trades=7/6
[2025-10-17 07:19:13] [190/262] 7453.T: best train_pf_eff=0.545, forward_pf_eff=1.498, trades=15/4
[2025-10-17 07:19:14] [191/262] 7532.T: best train_pf_eff=0.899, forward_pf_eff=0.749, trades=16/3
[2025-10-17 07:19:16] [192/262] 7711.T: best train_pf_eff=0.642, forward_pf_eff=0.300, trades=10/6
[2025-10-17 07:19:16] [193/262] 7731.T: best train_pf_eff=0.000, forward_pf_eff=0.000, trades=0/2
[2025-10-17 07:19:17] [194/262] 7733.T: best train_pf_eff=999.000, forward_pf_eff=0.000, trades=4/0
[2025-10-17 07:19:18] [195/262] 7735.T: best train_pf_eff=0.075, forward_pf_eff=0.000, trades=22/9
[2025-10-17 07:19:20] [196/262] 7741.T: best train_pf_eff=0.342, forward_pf_eff=0.514, trades=27/10
[2025-10-17 07:19:21] [197/262] 7751.T: best train_pf_eff=1.037, forward_pf_eff=0.300, trades=22/6
[2025-10-17 07:19:22] [198/262] 7832.T: best train_pf_eff=0.375, forward_pf_eff=0.000, trades=10/3
[2025-10-17 07:19:23] [199/262] 7911.T: best train_pf_eff=0.000, forward_pf_eff=0.000, trades=6/0
[2025-10-17 07:19:23] [200/262] 7912.T: best train_pf_eff=0.000, forward_pf_eff=0.000, trades=1/0
[2025-10-17 07:19:24] [201/262] 7936.T: best train_pf_eff=0.231, forward_pf_eff=0.749, trades=17/4
[2025-10-17 07:19:26] [202/262] 7974.T: best train_pf_eff=0.599, forward_pf_eff=0.428, trades=14/9
[2025-10-17 07:19:27] [203/262] 8001.T: best train_pf_eff=1.498, forward_pf_eff=999.000, trades=22/1
[2025-10-17 07:19:28] [204/262] 8002.T: best train_pf_eff=0.375, forward_pf_eff=0.000, trades=5/1
[2025-10-17 07:19:29] [205/262] 8015.T: best train_pf_eff=0.000, forward_pf_eff=0.000, trades=2/3
[2025-10-17 07:19:30] [206/262] 8031.T: best train_pf_eff=1.498, forward_pf_eff=0.300, trades=16/6
[2025-10-17 07:19:32] [207/262] 8035.T: best train_pf_eff=0.000, forward_pf_eff=0.000, trades=18/5
[2025-10-17 07:19:33] [208/262] 8053.T: best train_pf_eff=0.375, forward_pf_eff=0.000, trades=15/2
[2025-10-17 07:19:34] [209/262] 8058.T: best train_pf_eff=0.321, forward_pf_eff=0.000, trades=17/5
[2025-10-17 07:19:35] [210/262] 8105.T: best train_pf_eff=0.749, forward_pf_eff=0.000, trades=3/1
[2025-10-17 07:19:36] [211/262] 8113.T: best train_pf_eff=1.498, forward_pf_eff=0.000, trades=4/1
[2025-10-17 07:19:38] [212/262] 8136.T: best train_pf_eff=0.088, forward_pf_eff=1.873, trades=18/9
[2025-10-17 07:19:38] [213/262] 8233.T: best train_pf_eff=0.999, forward_pf_eff=0.000, trades=5/0
[2025-10-17 07:19:40] [214/262] 8267.T: best train_pf_eff=0.200, forward_pf_eff=0.000, trades=19/5
[2025-10-17 07:19:41] [215/262] 8306.T: best train_pf_eff=0.264, forward_pf_eff=0.599, trades=20/7
[2025-10-17 07:19:42] [216/262] 8308.T: best train_pf_eff=0.856, forward_pf_eff=0.499, trades=11/4
[2025-10-17 07:19:43] [217/262] 8309.T: best train_pf_eff=0.115, forward_pf_eff=0.000, trades=15/4
[2025-10-17 07:19:45] [218/262] 8316.T: best train_pf_eff=0.214, forward_pf_eff=0.749, trades=18/6
[2025-10-17 07:19:46] [219/262] 8331.T: best train_pf_eff=2.996, forward_pf_eff=1.498, trades=3/4
[2025-10-17 07:19:47] [220/262] 8411.T: best train_pf_eff=0.599, forward_pf_eff=0.749, trades=14/6
[2025-10-17 07:19:48] [221/262] 8473.T: best train_pf_eff=0.125, forward_pf_eff=0.000, trades=13/8
[2025-10-17 07:19:50] [222/262] 8591.T: best train_pf_eff=0.375, forward_pf_eff=0.000, trades=18/3
[2025-10-17 07:19:51] [223/262] 8601.T: best train_pf_eff=0.250, forward_pf_eff=0.000, trades=7/3
[2025-10-17 07:19:52] [224/262] 8604.T: best train_pf_eff=0.749, forward_pf_eff=0.749, trades=4/4
[2025-10-17 07:19:53] [225/262] 8630.T: best train_pf_eff=1.712, forward_pf_eff=0.999, trades=15/5
[2025-10-17 07:19:54] [226/262] 8697.T: best train_pf_eff=0.749, forward_pf_eff=0.000, trades=9/2
[2025-10-17 07:19:56] [227/262] 8725.T: best train_pf_eff=0.599, forward_pf_eff=0.000, trades=7/1
[2025-10-17 07:19:57] [228/262] 8729.T: best train_pf_eff=0.624, forward_pf_eff=0.749, trades=11/6
[2025-10-17 07:19:58] [229/262] 8750.T: best train_pf_eff=0.535, forward_pf_eff=4.494, trades=19/8
[2025-10-17 07:19:59] [230/262] 8766.T: best train_pf_eff=0.499, forward_pf_eff=0.375, trades=20/5
[2025-10-17 07:20:00] [231/262] 8795.T: best train_pf_eff=0.000, forward_pf_eff=0.000, trades=5/2
[2025-10-17 07:20:02] [232/262] 8801.T: best train_pf_eff=0.257, forward_pf_eff=0.200, trades=17/7
[2025-10-17 07:20:03] [233/262] 8802.T: best train_pf_eff=0.250, forward_pf_eff=0.499, trades=14/4
[2025-10-17 07:20:04] [234/262] 8830.T: best train_pf_eff=0.250, forward_pf_eff=0.499, trades=7/4
[2025-10-17 07:20:05] [235/262] 9020.T: best train_pf_eff=0.300, forward_pf_eff=0.000, trades=15/0
[2025-10-17 07:20:06] [236/262] 9021.T: best train_pf_eff=0.000, forward_pf_eff=0.000, trades=5/3
[2025-10-17 07:20:07] [237/262] 9022.T: best train_pf_eff=0.552, forward_pf_eff=1.498, trades=26/4
[2025-10-17 07:20:08] [238/262] 9023.T: best train_pf_eff=0.000, forward_pf_eff=0.000, trades=2/1
[2025-10-17 07:20:09] [239/262] 9024.T: best train_pf_eff=7.189, forward_pf_eff=1.997, trades=7/8
[2025-10-17 07:20:10] [240/262] 9101.T: best train_pf_eff=0.300, forward_pf_eff=0.240, trades=18/7
[2025-10-17 07:20:12] [241/262] 9104.T: best train_pf_eff=0.333, forward_pf_eff=0.000, trades=11/7
[2025-10-17 07:20:13] [242/262] 9107.T: best train_pf_eff=0.125, forward_pf_eff=0.000, trades=21/10
[2025-10-17 07:20:14] [243/262] 9143.T: best train_pf_eff=0.000, forward_pf_eff=0.000, trades=1/3
[2025-10-17 07:20:15] [244/262] 9201.T: best train_pf_eff=2.996, forward_pf_eff=0.000, trades=9/4
[2025-10-17 07:20:16] [245/262] 9202.T: best train_pf_eff=0.749, forward_pf_eff=0.000, trades=4/1
[2025-10-17 07:20:17] [246/262] 9432.T: best train_pf_eff=0.749, forward_pf_eff=1.498, trades=12/6
[2025-10-17 07:20:18] [247/262] 9433.T: best train_pf_eff=1.198, forward_pf_eff=1.498, trades=9/4
[2025-10-17 07:20:20] [248/262] 9434.T: best train_pf_eff=0.000, forward_pf_eff=0.000, trades=21/6
[2025-10-17 07:20:21] [249/262] 9501.T: best train_pf_eff=0.107, forward_pf_eff=0.125, trades=16/7
[2025-10-17 07:20:22] [250/262] 9502.T: best train_pf_eff=0.000, forward_pf_eff=0.000, trades=1/2
[2025-10-17 07:20:23] [251/262] 9503.T: best train_pf_eff=0.000, forward_pf_eff=0.166, trades=10/10
[2025-10-17 07:20:24] [252/262] 9504.T: best train_pf_eff=0.000, forward_pf_eff=0.000, trades=1/0
[2025-10-17 07:20:25] [253/262] 9509.T: best train_pf_eff=0.214, forward_pf_eff=0.300, trades=9/7
[2025-10-17 07:20:25] [254/262] 9513.T: best train_pf_eff=0.000, forward_pf_eff=0.000, trades=0/1
[2025-10-17 07:20:26] [255/262] 9602.T: best train_pf_eff=0.499, forward_pf_eff=0.300, trades=8/6
[2025-10-17 07:20:27] [256/262] 9697.T: best train_pf_eff=0.167, forward_pf_eff=0.250, trades=11/4
[2025-10-17 07:20:28] [257/262] 9831.T: best train_pf_eff=0.000, forward_pf_eff=0.000, trades=6/1
[2025-10-17 07:20:30] [258/262] 9843.T: best train_pf_eff=0.749, forward_pf_eff=1.248, trades=18/11
[2025-10-17 07:20:30] [259/262] 9861.T: best train_pf_eff=0.000, forward_pf_eff=0.000, trades=4/0
[2025-10-17 07:20:31] [260/262] 9962.T: best train_pf_eff=0.749, forward_pf_eff=0.000, trades=2/0
[2025-10-17 07:20:32] [261/262] 9983.T: best train_pf_eff=0.214, forward_pf_eff=0.899, trades=16/8
[2025-10-17 07:20:34] [262/262] 9984.T: best train_pf_eff=0.282, forward_pf_eff=0.218, trades=21/13
[2025-10-17 07:20:34] Run completed in 6.3 minutes
